2025-04-14 19:47:38,023 [INFO] Activator:176 - 


2025-04-14 19:47:38,048 [INFO] Activator:177 - !SESSION log4j initialized
2025-04-14 19:47:47,265 [INFO] LogOutputStream:77 - [STDOUT_REDIRECT] 
2025-04-14 19:47:50,612 [INFO] ApplicationProperties:184 - Using Application install path: C:\ST\STM32CubeIDE_1.17.0\STM32CubeIDE\plugins\com.st.stm32cube.common.mx_6.13.0.202411220809
2025-04-14 19:47:50,629 [INFO] DbMcusXml:78 - Set database path to: C:\ST\STM32CubeIDE_1.17.0\STM32CubeIDE\plugins\com.st.stm32cube.common.mx_6.13.0.202411220809\\db\/mcu/
2025-04-14 19:47:50,629 [INFO] ApiDb:274 - Set plugin database path to: C:\ST\STM32CubeIDE_1.17.0\STM32CubeIDE\plugins\com.st.stm32cube.common.mx_6.13.0.202411220809\\db\/plugins/boardmanager/
2025-04-14 19:47:50,630 [WARN] ApiDb:259 - Overriding images path with different value:  => C:\ST\STM32CubeIDE_1.17.0\STM32CubeIDE\plugins\com.st.stm32cube.common.mx_6.13.0.202411220809\\db\/plugins/mcufinder/images/
2025-04-14 19:47:50,646 [INFO] ApiDb:250 - Set database path to: C:\Users\DELL\.stmcufinder\plugins\mcufinder//mcu/
2025-04-14 19:47:50,647 [INFO] DbMcusAds:125 - Set database path to: C:\Users\DELL\.stmcufinder\plugins\mcufinder//mcu/
2025-04-14 19:47:50,649 [INFO] CrossReferenceDbSqlite:203 - Set database path to: C:\Users\DELL\.stmcufinder\plugins\mcufinder//mcu/cs/
2025-04-14 19:47:50,823 [INFO] RulesReader:64 - Compatibility file has been processed (297 Rules)
2025-04-14 19:47:50,932 [INFO] DbMcusXml:78 - Set database path to: C:\ST\STM32CubeIDE_1.17.0\STM32CubeIDE\plugins\com.st.stm32cube.common.mx_6.13.0.202411220809\\db\/mcu/
2025-04-14 19:47:50,933 [INFO] ApiDb:274 - Set plugin database path to: C:\ST\STM32CubeIDE_1.17.0\STM32CubeIDE\plugins\com.st.stm32cube.common.mx_6.13.0.202411220809\\db\/plugins/boardmanager/
2025-04-14 19:47:50,933 [INFO] ApiDb:261 - Set plugin images path to: C:\ST\STM32CubeIDE_1.17.0\STM32CubeIDE\plugins\com.st.stm32cube.common.mx_6.13.0.202411220809\\db\/plugins/mcufinder/images/
2025-04-14 19:47:50,933 [WARN] DbFile:41 - Overriding database path with different value: C:\Users\DELL\.stmcufinder\plugins\mcufinder/ => C:\Users\DELL\.stmcufinder\plugins\mcufinder
2025-04-14 19:47:50,933 [INFO] ApiDb:250 - Set database path to: C:\Users\DELL\.stmcufinder\plugins\mcufinder//mcu/
2025-04-14 19:47:50,933 [WARN] DbFile:41 - Overriding database path with different value: C:\Users\DELL\.stmcufinder\plugins\mcufinder/ => C:\Users\DELL\.stmcufinder\plugins\mcufinder
2025-04-14 19:47:50,934 [INFO] DbMcusAds:125 - Set database path to: C:\Users\DELL\.stmcufinder\plugins\mcufinder//mcu/
2025-04-14 19:47:50,934 [WARN] DbFile:41 - Overriding database path with different value: C:\Users\DELL\.stmcufinder\plugins\mcufinder/ => C:\Users\DELL\.stmcufinder\plugins\mcufinder
2025-04-14 19:47:50,934 [WARN] DbFile:41 - Overriding database path with different value: C:\Users\DELL\.stmcufinder\plugins\mcufinder/ => C:\Users\DELL\.stmcufinder\plugins\mcufinder
2025-04-14 19:47:50,934 [INFO] CrossReferenceDbSqlite:203 - Set database path to: C:\Users\DELL\.stmcufinder\plugins\mcufinder//mcu/cs/
2025-04-14 19:47:51,036 [INFO] MainPanel:272 - HeapMemory: 268435456
2025-04-14 19:47:51,174 [INFO] DbMcusXml:78 - Set database path to: C:\ST\STM32CubeIDE_1.17.0\STM32CubeIDE\plugins\com.st.stm32cube.common.mx_6.13.0.202411220809\\db\/mcu/
2025-04-14 19:47:51,174 [INFO] ApiDb:274 - Set plugin database path to: C:\ST\STM32CubeIDE_1.17.0\STM32CubeIDE\plugins\com.st.stm32cube.common.mx_6.13.0.202411220809\\db\/plugins/boardmanager/
2025-04-14 19:47:51,174 [INFO] ApiDb:261 - Set plugin images path to: C:\ST\STM32CubeIDE_1.17.0\STM32CubeIDE\plugins\com.st.stm32cube.common.mx_6.13.0.202411220809\\db\/plugins/mcufinder/images/
2025-04-14 19:47:51,175 [WARN] DbFile:41 - Overriding database path with different value: C:\Users\DELL\.stmcufinder\plugins\mcufinder/ => C:\Users\DELL\.stmcufinder\plugins\mcufinder
2025-04-14 19:47:51,175 [INFO] ApiDb:250 - Set database path to: C:\Users\DELL\.stmcufinder\plugins\mcufinder//mcu/
2025-04-14 19:47:51,175 [WARN] DbFile:41 - Overriding database path with different value: C:\Users\DELL\.stmcufinder\plugins\mcufinder/ => C:\Users\DELL\.stmcufinder\plugins\mcufinder
2025-04-14 19:47:51,175 [INFO] DbMcusAds:125 - Set database path to: C:\Users\DELL\.stmcufinder\plugins\mcufinder//mcu/
2025-04-14 19:47:51,175 [WARN] DbFile:41 - Overriding database path with different value: C:\Users\DELL\.stmcufinder\plugins\mcufinder/ => C:\Users\DELL\.stmcufinder\plugins\mcufinder
2025-04-14 19:47:51,175 [WARN] DbFile:41 - Overriding database path with different value: C:\Users\DELL\.stmcufinder\plugins\mcufinder/ => C:\Users\DELL\.stmcufinder\plugins\mcufinder
2025-04-14 19:47:51,176 [INFO] CrossReferenceDbSqlite:203 - Set database path to: C:\Users\DELL\.stmcufinder\plugins\mcufinder//mcu/cs/
2025-04-14 19:47:51,199 [INFO] ApplicationProperties:184 - Using Application install path: C:\ST\STM32CubeIDE_1.17.0\STM32CubeIDE\plugins\com.st.stm32cube.common.mx_6.13.0.202411220809
2025-04-14 19:47:51,201 [INFO] PluginManage:196 - Search for loadable plugins [exclusion list=, ]
2025-04-14 19:47:51,202 [INFO] PluginManage:310 - Check plugin analytics
2025-04-14 19:47:51,467 [INFO] AnalyticsPlugin:253 - Accepted Software Licenses: STM32CubeMX.6.13.0
2025-04-14 19:47:51,467 [INFO] AnalyticsPlugin:255 - Accepted CMSIS Pack Licenses: 
2025-04-14 19:47:51,468 [INFO] AnalyticsPlugin:257 - Accepted Firmware Licenses: 
2025-04-14 19:47:51,472 [INFO] PluginManage:359 - Loaded plugin analytics (category:tool,tabindex:-1)
2025-04-14 19:47:51,473 [INFO] PluginManage:310 - Check plugin cadmodel
2025-04-14 19:47:51,495 [INFO] CADModel:105 - Init CAD model plugin
2025-04-14 19:47:51,496 [INFO] PluginManage:359 - Loaded plugin cadmodel (category:power,tabindex:5)
2025-04-14 19:47:51,496 [INFO] PluginManage:310 - Check plugin clock
2025-04-14 19:47:51,515 [INFO] PluginManage:359 - Loaded plugin clock (category:base,tabindex:2)
2025-04-14 19:47:51,516 [INFO] PluginManage:310 - Check plugin ddr
2025-04-14 19:47:51,518 [INFO] PluginManage:359 - Loaded plugin ddr (category:tool,tabindex:6)
2025-04-14 19:47:51,518 [INFO] PluginManage:310 - Check plugin filemanager
2025-04-14 19:47:51,842 [INFO] PluginManage:359 - Loaded plugin filemanager (category:base,tabindex:10)
2025-04-14 19:47:51,843 [INFO] PluginManage:310 - Check plugin ipmanager
2025-04-14 19:47:51,851 [INFO] PluginManage:359 - Loaded plugin ipmanager (category:base,tabindex:5)
2025-04-14 19:47:51,851 [INFO] PluginManage:310 - Check plugin lpbam
2025-04-14 19:47:52,034 [INFO] PluginManage:359 - Loaded plugin lpbam (category:base,tabindex:0)
2025-04-14 19:47:52,034 [INFO] PluginManage:310 - Check plugin memorymap
2025-04-14 19:47:52,202 [INFO] PluginManage:359 - Loaded plugin memorymap (category:base,tabindex:4)
2025-04-14 19:47:52,203 [INFO] PluginManage:310 - Check plugin pinoutandconfiguration
2025-04-14 19:47:52,222 [INFO] PluginManage:359 - Loaded plugin pinoutandconfiguration (category:base,tabindex:1)
2025-04-14 19:47:52,223 [INFO] PluginManage:310 - Check plugin pinoutconfig
2025-04-14 19:47:52,332 [WARN] SupportedApi:132 - Cannot load RTOS API schema: s4s-elt-must-match.1: The content of 'definitions' must match (annotation?, (simpleType | complexType)?, (unique | key | keyref)*)). A problem was found starting at: attribute.
2025-04-14 19:47:52,497 [INFO] PluginManage:359 - Loaded plugin pinoutconfig (category:base,tabindex:0)
2025-04-14 19:47:52,497 [INFO] PluginManage:310 - Check plugin power
2025-04-14 19:47:52,541 [INFO] PluginManage:359 - Loaded plugin power (category:power,tabindex:4)
2025-04-14 19:47:52,541 [INFO] PluginManage:310 - Check plugin projectmanager
2025-04-14 19:47:52,560 [INFO] PluginManage:359 - Loaded plugin projectmanager (category:projectmanager,tabindex:4)
2025-04-14 19:47:52,560 [INFO] PluginManage:310 - Check plugin rif
2025-04-14 19:47:52,574 [INFO] PluginManage:359 - Loaded plugin rif (category:base,tabindex:3)
2025-04-14 19:47:52,575 [INFO] PluginManage:310 - Check plugin thirdparty
2025-04-14 19:47:52,882 [INFO] PluginManage:359 - Loaded plugin thirdparty (category:base,tabindex:-1)
2025-04-14 19:47:52,882 [WARN] IntegrityCheckThread:84 - waiting for thirdparty lock release [integrity check]
2025-04-14 19:47:52,882 [INFO] IntegrityCheckThread:86 - entering critical section [integrity check]
2025-04-14 19:47:52,882 [INFO] PluginManage:310 - Check plugin tools
2025-04-14 19:47:52,883 [INFO] ThirdPartyUpdaterWithRetryManager:70 - Updater plugin not ready yet. [1/15]
2025-04-14 19:47:52,910 [INFO] PluginManage:359 - Loaded plugin tools (category:base,tabindex:7)
2025-04-14 19:47:52,910 [INFO] PluginManage:310 - Check plugin tutovideos
2025-04-14 19:47:53,357 [INFO] PluginManage:359 - Loaded plugin tutovideos (category:base,tabindex:-1)
2025-04-14 19:47:53,358 [INFO] PluginManage:310 - Check plugin updater
2025-04-14 19:47:53,397 [INFO] PluginManage:359 - Loaded plugin updater (category:base,tabindex:12)
2025-04-14 19:47:53,398 [INFO] PluginManage:310 - Check plugin userauth
2025-04-14 19:47:53,403 [INFO] UserAuth:118 - Init User Auth plugin
2025-04-14 19:47:53,406 [INFO] PluginManage:359 - Loaded plugin userauth (category:base,tabindex:14)
2025-04-14 19:47:53,408 [INFO] PluginManage:283 - PluginManage : Loaded plugins [18]
2025-04-14 19:47:54,108 [INFO] PinOutPanel:1589 - setPackage(No Configuration,No Configuration)
2025-04-14 19:47:54,317 [INFO] CADModel:165 - CPN selected for project level
2025-04-14 19:47:54,317 [INFO] CADModel:114 - Register for checkConnection events
2025-04-14 19:47:54,447 [INFO] IPUIPlugin:80 - create IPUIPlugin
2025-04-14 19:47:54,447 [INFO] PluginManager:220 - loadIPPluginJar : add adc
2025-04-14 19:47:54,480 [INFO] IPUIPlugin:80 - create IPUIPlugin
2025-04-14 19:47:54,480 [INFO] PluginManager:220 - loadIPPluginJar : add aes
2025-04-14 19:47:54,512 [INFO] IPUIPlugin:80 - create IPUIPlugin
2025-04-14 19:47:54,513 [INFO] PluginManager:220 - loadIPPluginJar : add can
2025-04-14 19:47:54,537 [INFO] IPUIPlugin:80 - create IPUIPlugin
2025-04-14 19:47:54,537 [INFO] PluginManager:220 - loadIPPluginJar : add comp
2025-04-14 19:47:54,568 [INFO] IPUIPlugin:80 - create IPUIPlugin
2025-04-14 19:47:54,568 [INFO] PluginManager:220 - loadIPPluginJar : add cryp
2025-04-14 19:47:54,583 [INFO] IPUIPlugin:80 - create IPUIPlugin
2025-04-14 19:47:54,583 [INFO] PluginManager:220 - loadIPPluginJar : add ddr_ctrl_phy
2025-04-14 19:47:54,612 [INFO] IPUIPlugin:80 - create IPUIPlugin
2025-04-14 19:47:54,612 [INFO] PluginManager:220 - loadIPPluginJar : add dfsdm
2025-04-14 19:47:54,713 [INFO] IPUIPlugin:80 - create IPUIPlugin
2025-04-14 19:47:54,713 [INFO] PluginManager:220 - loadIPPluginJar : add dma
2025-04-14 19:47:54,754 [INFO] IPUIPlugin:80 - create IPUIPlugin
2025-04-14 19:47:54,754 [INFO] PluginManager:220 - loadIPPluginJar : add dma3
2025-04-14 19:47:54,801 [INFO] IPUIPlugin:80 - create IPUIPlugin
2025-04-14 19:47:54,801 [INFO] PluginManager:220 - loadIPPluginJar : add extmemmanager
2025-04-14 19:47:54,833 [INFO] IPUIPlugin:80 - create IPUIPlugin
2025-04-14 19:47:54,833 [INFO] PluginManager:220 - loadIPPluginJar : add fatfs
2025-04-14 19:47:54,881 [INFO] IPUIPlugin:80 - create IPUIPlugin
2025-04-14 19:47:54,881 [INFO] PluginManager:220 - loadIPPluginJar : add fmc
2025-04-14 19:47:54,901 [INFO] IPUIPlugin:80 - create IPUIPlugin
2025-04-14 19:47:54,901 [INFO] PluginManager:220 - loadIPPluginJar : add freertos
2025-04-14 19:47:54,923 [INFO] IPUIPlugin:80 - create IPUIPlugin
2025-04-14 19:47:54,923 [INFO] PluginManager:220 - loadIPPluginJar : add genericplugin
2025-04-14 19:47:55,005 [INFO] IPUIPlugin:80 - create IPUIPlugin
2025-04-14 19:47:55,005 [INFO] PluginManager:220 - loadIPPluginJar : add gfxmmu
2025-04-14 19:47:55,154 [INFO] IPUIPlugin:80 - create IPUIPlugin
2025-04-14 19:47:55,154 [INFO] PluginManager:220 - loadIPPluginJar : add gic
2025-04-14 19:47:55,371 [INFO] IPUIPlugin:80 - create IPUIPlugin
2025-04-14 19:47:55,371 [INFO] PluginManager:220 - loadIPPluginJar : add gpio
2025-04-14 19:47:55,437 [INFO] IPUIPlugin:80 - create IPUIPlugin
2025-04-14 19:47:55,437 [INFO] PluginManager:220 - loadIPPluginJar : add gtzc
2025-04-14 19:47:55,463 [INFO] IPUIPlugin:80 - create IPUIPlugin
2025-04-14 19:47:55,464 [INFO] PluginManager:220 - loadIPPluginJar : add hash
2025-04-14 19:47:55,508 [INFO] IPUIPlugin:80 - create IPUIPlugin
2025-04-14 19:47:55,508 [INFO] PluginManager:220 - loadIPPluginJar : add i2c
2025-04-14 19:47:55,546 [INFO] IPUIPlugin:80 - create IPUIPlugin
2025-04-14 19:47:55,546 [INFO] PluginManager:220 - loadIPPluginJar : add i2s
2025-04-14 19:47:55,613 [INFO] IPUIPlugin:80 - create IPUIPlugin
2025-04-14 19:47:55,614 [INFO] PluginManager:220 - loadIPPluginJar : add i3c
2025-04-14 19:47:55,708 [INFO] IPUIPlugin:80 - create IPUIPlugin
2025-04-14 19:47:55,708 [INFO] PluginManager:220 - loadIPPluginJar : add ipddr
2025-04-14 19:47:55,799 [INFO] IPUIPlugin:80 - create IPUIPlugin
2025-04-14 19:47:55,799 [INFO] PluginManager:220 - loadIPPluginJar : add linkedlist
2025-04-14 19:47:55,843 [INFO] IPUIPlugin:80 - create IPUIPlugin
2025-04-14 19:47:55,843 [INFO] PluginManager:220 - loadIPPluginJar : add lorawan
2025-04-14 19:47:55,873 [INFO] IPUIPlugin:80 - create IPUIPlugin
2025-04-14 19:47:55,873 [INFO] PluginManager:220 - loadIPPluginJar : add ltdc
2025-04-14 19:47:55,883 [INFO] ThirdPartyUpdaterWithRetryManager:70 - Updater plugin not ready yet. [2/15]
2025-04-14 19:47:55,998 [INFO] IPUIPlugin:80 - create IPUIPlugin
2025-04-14 19:47:55,998 [INFO] PluginManager:220 - loadIPPluginJar : add mdma
2025-04-14 19:47:56,122 [INFO] IPUIPlugin:80 - create IPUIPlugin
2025-04-14 19:47:56,122 [INFO] PluginManager:220 - loadIPPluginJar : add nvic
2025-04-14 19:47:56,147 [INFO] IPUIPlugin:80 - create IPUIPlugin
2025-04-14 19:47:56,147 [INFO] PluginManager:220 - loadIPPluginJar : add opamp
2025-04-14 19:47:56,182 [INFO] IPUIPlugin:80 - create IPUIPlugin
2025-04-14 19:47:56,183 [INFO] PluginManager:220 - loadIPPluginJar : add openamp
2025-04-14 19:47:56,211 [INFO] IPUIPlugin:80 - create IPUIPlugin
2025-04-14 19:47:56,211 [INFO] PluginManager:220 - loadIPPluginJar : add pdm2pcm
2025-04-14 19:47:56,320 [INFO] IPUIPlugin:80 - create IPUIPlugin
2025-04-14 19:47:56,323 [INFO] PluginManager:220 - loadIPPluginJar : add plateformsettings
2025-04-14 19:47:56,338 [INFO] IPUIPlugin:80 - create IPUIPlugin
2025-04-14 19:47:56,338 [INFO] PluginManager:220 - loadIPPluginJar : add quadspi
2025-04-14 19:47:56,354 [INFO] IPUIPlugin:80 - create IPUIPlugin
2025-04-14 19:47:56,355 [INFO] PluginManager:220 - loadIPPluginJar : add radio
2025-04-14 19:47:56,365 [INFO] IPUIPlugin:80 - create IPUIPlugin
2025-04-14 19:47:56,366 [INFO] PluginManager:220 - loadIPPluginJar : add resmgrutility
2025-04-14 19:47:56,388 [INFO] IPUIPlugin:80 - create IPUIPlugin
2025-04-14 19:47:56,389 [INFO] PluginManager:220 - loadIPPluginJar : add sai
2025-04-14 19:47:56,409 [INFO] IPUIPlugin:80 - create IPUIPlugin
2025-04-14 19:47:56,409 [INFO] PluginManager:220 - loadIPPluginJar : add spi
2025-04-14 19:47:56,440 [INFO] IPUIPlugin:80 - create IPUIPlugin
2025-04-14 19:47:56,440 [INFO] PluginManager:220 - loadIPPluginJar : add stm32_wpan
2025-04-14 19:47:56,453 [INFO] IPUIPlugin:80 - create IPUIPlugin
2025-04-14 19:47:56,453 [INFO] PluginManager:220 - loadIPPluginJar : add tim
2025-04-14 19:47:56,482 [INFO] IPUIPlugin:80 - create IPUIPlugin
2025-04-14 19:47:56,482 [INFO] PluginManager:220 - loadIPPluginJar : add touchsensing
2025-04-14 19:47:56,496 [INFO] IPUIPlugin:80 - create IPUIPlugin
2025-04-14 19:47:56,496 [INFO] PluginManager:220 - loadIPPluginJar : add tracer_emb
2025-04-14 19:47:56,510 [INFO] IPUIPlugin:80 - create IPUIPlugin
2025-04-14 19:47:56,510 [INFO] PluginManager:220 - loadIPPluginJar : add ts
2025-04-14 19:47:56,523 [INFO] IPUIPlugin:80 - create IPUIPlugin
2025-04-14 19:47:56,523 [INFO] PluginManager:220 - loadIPPluginJar : add tsc
2025-04-14 19:47:56,537 [INFO] IPUIPlugin:80 - create IPUIPlugin
2025-04-14 19:47:56,537 [INFO] PluginManager:220 - loadIPPluginJar : add ucpd
2025-04-14 19:47:56,559 [INFO] IPUIPlugin:80 - create IPUIPlugin
2025-04-14 19:47:56,559 [INFO] PluginManager:220 - loadIPPluginJar : add usart
2025-04-14 19:47:56,582 [INFO] IPUIPlugin:80 - create IPUIPlugin
2025-04-14 19:47:56,582 [INFO] PluginManager:220 - loadIPPluginJar : add usbx
2025-04-14 19:47:56,725 [FATAL] Updater:351 - Updater called before beeing initialized
2025-04-14 19:47:56,749 [INFO] RulesReader:64 - Compatibility file has been processed (297 Rules)
2025-04-14 19:47:56,761 [INFO] RulesReader:64 - Compatibility file has been processed (297 Rules)
2025-04-14 19:47:56,772 [INFO] CADModel:165 - CPN selected for project level
2025-04-14 19:47:56,772 [INFO] CADModel:114 - Register for checkConnection events
2025-04-14 19:47:56,772 [FATAL] Updater:351 - Updater called before beeing initialized
2025-04-14 19:47:56,772 [ERROR] CADModel:125 - Updater not yet initialized, retry later 
2025-04-14 19:47:56,981 [FATAL] Updater:351 - Updater called before beeing initialized
2025-04-14 19:47:56,984 [INFO] CADModel:165 - CPN selected for project level
2025-04-14 19:47:56,984 [INFO] CADModel:114 - Register for checkConnection events
2025-04-14 19:47:56,984 [FATAL] Updater:351 - Updater called before beeing initialized
2025-04-14 19:47:56,984 [ERROR] CADModel:125 - Updater not yet initialized, retry later 
2025-04-14 19:47:56,989 [FATAL] Updater:351 - Updater called before beeing initialized
2025-04-14 19:47:57,136 [FATAL] Updater:351 - Updater called before beeing initialized
2025-04-14 19:47:57,145 [INFO] DbMcusAds:53 - JSON generation date=Thu Mar 06 21:54:22 ICT 2025 (1741272862078)
2025-04-14 19:47:57,146 [FATAL] Updater:351 - Updater called before beeing initialized
2025-04-14 19:47:57,265 [WARN] DetailPanel:346 - Failed to get advertising image, set to default
2025-04-14 19:47:57,610 [FATAL] Updater:351 - Updater called before beeing initialized
2025-04-14 19:47:57,612 [FATAL] Updater:351 - Updater called before beeing initialized
2025-04-14 19:47:57,613 [FATAL] Updater:351 - Updater called before beeing initialized
2025-04-14 19:47:57,613 [WARN] DetailPanel:346 - Failed to get advertising image, set to default
2025-04-14 19:47:57,614 [FATAL] Updater:351 - Updater called before beeing initialized
2025-04-14 19:47:57,723 [ERROR] Updater:1198 - MainUpdater not yet initialized. External WinMGr cannot be set.
2025-04-14 19:47:57,731 [INFO] Updater:1134 - Updater Version found : 6.13.0
2025-04-14 19:47:57,748 [INFO] ApplicationProperties:184 - Using Application install path: C:\ST\STM32CubeIDE_1.17.0\STM32CubeIDE\plugins\com.st.stm32cube.common.mx_6.13.0.202411220809
2025-04-14 19:47:58,884 [INFO] ThirdPartyUpdaterWithRetryManager:70 - Updater plugin not ready yet. [3/15]
2025-04-14 19:47:59,324 [ERROR] LogOutputStream:75 - [STDERR_REDIRECT] Apr 14, 2025 7:47:59 PM java.util.prefs.WindowsPreferences <init>
2025-04-14 19:47:59,325 [ERROR] LogOutputStream:75 - [STDERR_REDIRECT] WARNING: Could not open/create prefs root node Software\JavaSoft\Prefs at root 0xffffffff80000002. Windows RegCreateKeyEx(...) returned error code 5.
2025-04-14 19:47:59,325 [ERROR] LogOutputStream:75 - [STDERR_REDIRECT] 
2025-04-14 19:48:00,102 [INFO] MainUpdater:2872 - connection check result : 10
2025-04-14 19:48:00,103 [INFO] MainUpdater:3566 - Updater definition file requires update
2025-04-14 19:48:00,103 [INFO] MainUpdater:289 - Updater Check For Update Now.
2025-04-14 19:48:00,104 [INFO] MicroXplorer:498 - Change Database Version : DB.6.0.130
2025-04-14 19:48:00,115 [INFO] McuFinderGlobals:63 - Set McuFinder mode to 2 (CubeIDE integrated)
2025-04-14 19:48:00,120 [INFO] UserAuth:486 - Internet connection configuration mode: 1
2025-04-14 19:48:00,132 [INFO] JxBrowserEngine:152 - Initiate JxBrowser Engine with user profile folder
2025-04-14 19:48:00,351 [INFO] ServerAccessManage:473 - Download File updaters.zip
2025-04-14 19:48:00,617 [INFO] FileExtend:240 - Unzip File : updaters.zip
2025-04-14 19:48:00,618 [INFO] FileExtend:255 - Standard Zip Deflate
2025-04-14 19:48:01,617 [INFO] ServerAccessManage:473 - Download File PacksControlFlags.xml
2025-04-14 19:48:01,879 [INFO] ServerAccessManage:473 - Download File cubemx.pidx
2025-04-14 19:48:01,887 [WARN] MainUpdater:1193 - Updater busy. Cannot search thirdparties
2025-04-14 19:48:01,888 [INFO] ThirdPartyUpdaterWithRetryManager:96 - Updater plugin is busy. [1/15]
2025-04-14 19:48:02,119 [INFO] LoadServerUpdatesThread:375 - End of LoadServerUpdate Thread
2025-04-14 19:48:02,213 [INFO] WebApp:168 - Instantiating new browser for Auth
2025-04-14 19:48:02,366 [INFO] CheckServerUpdateThread:120 - End of CheckServer Thread
2025-04-14 19:48:03,450 [INFO] WebApp:449 - Apply proxy settings
2025-04-14 19:48:03,451 [INFO] WebApp:534 - Chromium requires no authentication
2025-04-14 19:48:03,464 [INFO] WebApp:477 - Direct internet connection detected
2025-04-14 19:48:03,501 [INFO] WebApp:880 - Register for checkConnection events
2025-04-14 19:48:03,501 [INFO] WebApp:449 - Apply proxy settings
2025-04-14 19:48:03,501 [INFO] WebApp:534 - Chromium requires no authentication
2025-04-14 19:48:03,502 [INFO] WebApp:477 - Direct internet connection detected
2025-04-14 19:48:03,732 [INFO] WebApp:221 - Starting web application
2025-04-14 19:48:03,732 [INFO] WebApp:579 - Web application path used C:\ST\STM32CubeIDE_1.17.0\STM32CubeIDE\plugins\com.st.stm32cube.common.mx_6.13.0.202411220809\db\plugins\mcufinder\reactClient1\index.html
2025-04-14 19:48:03,888 [INFO] UserAuth:486 - Internet connection configuration mode: 1
2025-04-14 19:48:04,377 [INFO] WebApp:187 - Connection restablished
2025-04-14 19:48:05,455 [WARN] PackLoader:240 - Cannot read IP mode file for STMicroelectronics.FP-SNS-MOTENVWB1.1.4.0
2025-04-14 19:48:05,479 [WARN] PackLoader:240 - Cannot read IP mode file for STMicroelectronics.FP-ATR-ASTRA1.2.0.2
2025-04-14 19:48:05,496 [WARN] PackLoader:240 - Cannot read IP mode file for STMicroelectronics.FP-ATR-ASTRA1.2.0.1
2025-04-14 19:48:05,515 [WARN] PackLoader:240 - Cannot read IP mode file for STMicroelectronics.X-CUBE-SMBUS.2.1.0
2025-04-14 19:48:05,537 [WARN] PackLoader:240 - Cannot read IP mode file for STMicroelectronics.X-CUBE-WB05N.1.1.0
2025-04-14 19:48:05,619 [WARN] PackLoader:240 - Cannot read IP mode file for STMicroelectronics.X-CUBE-AZRTOS-F7.1.1.0
2025-04-14 19:48:05,656 [WARN] PackLoader:240 - Cannot read IP mode file for STMicroelectronics.FP-SNS-FLIGHT1.5.0.2
2025-04-14 19:48:05,721 [WARN] PackLoader:240 - Cannot read IP mode file for Infineon.AIROC-Wi-Fi-Bluetooth-STM32.1.7.0
2025-04-14 19:48:05,759 [WARN] PackLoader:240 - Cannot read IP mode file for STMicroelectronics.X-CUBE-DISPLAY.3.0.0
2025-04-14 19:48:05,785 [WARN] PackLoader:240 - Cannot read IP mode file for STMicroelectronics.X-CUBE-BLE1.7.0.0
2025-04-14 19:48:05,804 [WARN] PackLoader:240 - Cannot read IP mode file for STMicroelectronics.X-CUBE-NFC10.1.0.0
2025-04-14 19:48:05,842 [WARN] PackLoader:240 - Cannot read IP mode file for STMicroelectronics.X-CUBE-BLEMGR.4.0.0
2025-04-14 19:48:05,866 [WARN] PackLoader:240 - Cannot read IP mode file for emotas.I-CUBE-CANOPEN.1.3.0
2025-04-14 19:48:05,881 [WARN] PackLoader:240 - Cannot read IP mode file for STMicroelectronics.X-CUBE-AI.10.0.0
2025-04-14 19:48:05,896 [WARN] PackLoader:240 - Cannot read IP mode file for STMicroelectronics.FP-SNS-SMARTAG2.1.2.0
2025-04-14 19:48:05,909 [WARN] PackLoader:240 - Cannot read IP mode file for STMicroelectronics.FP-SNS-FLIGHT1.5.1.0
2025-04-14 19:48:06,058 [WARN] PackLoader:240 - Cannot read IP mode file for STMicroelectronics.X-CUBE-MEMS1.11.1.0
2025-04-14 19:48:06,521 [INFO] LogOutputStream:77 - [STDOUT_REDIRECT] 1 : Invalid condition id : UX_CORESTACK_Condition cause : null
2025-04-14 19:48:06,523 [INFO] LogOutputStream:77 - [STDOUT_REDIRECT] 1 : Invalid condition id : UX_CORESTACK_Condition cause : null
2025-04-14 19:48:06,528 [INFO] LogOutputStream:77 - [STDOUT_REDIRECT] 1 : Invalid condition id : UX_CORESTACK_Condition cause : null
2025-04-14 19:48:06,532 [INFO] LogOutputStream:77 - [STDOUT_REDIRECT] 1 : Invalid condition id : UX_CORESTACK_Condition cause : null
2025-04-14 19:48:06,536 [INFO] LogOutputStream:77 - [STDOUT_REDIRECT] 1 : Invalid condition id : UX_CORESTACK_Condition cause : null
2025-04-14 19:48:06,544 [WARN] PackLoader:240 - Cannot read IP mode file for STMicroelectronics.X-CUBE-AZRTOS-WL.2.0.0
2025-04-14 19:48:06,570 [WARN] PackLoader:240 - Cannot read IP mode file for STMicroelectronics.FP-SNS-MOTENV1.5.0.0
2025-04-14 19:48:06,587 [WARN] PackLoader:240 - Cannot read IP mode file for wolfSSL.I-CUBE-wolfMQTT.1.19.0
2025-04-14 19:48:06,608 [WARN] PackLoader:240 - Cannot read IP mode file for WES.I-CUBE-Cesium.1.3.0
2025-04-14 19:48:06,630 [WARN] PackLoader:240 - Cannot read IP mode file for STMicroelectronics.X-CUBE-BLE2.3.3.0
2025-04-14 19:48:06,653 [WARN] PackLoader:240 - Cannot read IP mode file for STMicroelectronics.X-CUBE-NFC9.1.0.0
2025-04-14 19:48:06,677 [WARN] PackLoader:240 - Cannot read IP mode file for STMicroelectronics.X-CUBE-BLE1.7.1.0
2025-04-14 19:48:06,761 [WARN] PackLoader:240 - Cannot read IP mode file for STMicroelectronics.X-CUBE-AZRTOS-G0.1.1.0
2025-04-14 19:48:06,797 [WARN] PackLoader:240 - Cannot read IP mode file for STMicroelectronics.X-CUBE-SAFEA1.1.2.2
2025-04-14 19:48:06,822 [WARN] PackLoader:240 - Cannot read IP mode file for STMicroelectronics.X-CUBE-NFC4.3.0.0
2025-04-14 19:48:06,854 [WARN] PackLoader:240 - Cannot read IP mode file for EmbeddedOffice.I-CUBE-FS-RTOS.1.0.1
2025-04-14 19:48:06,876 [WARN] PackLoader:240 - Cannot read IP mode file for STMicroelectronics.X-CUBE-TCPP.4.2.0
2025-04-14 19:48:06,895 [WARN] PackLoader:240 - Cannot read IP mode file for RealThread.X-CUBE-RT-Thread_Nano.4.1.1
2025-04-14 19:48:06,910 [WARN] PackLoader:240 - Cannot read IP mode file for STMicroelectronics.FP-ATR-SIGFOX1.3.2.0
2025-04-14 19:48:06,925 [WARN] ConditionMgr:438 - getConditionDescription Invalid condition id : Cortex-A Device cause : null
2025-04-14 19:48:06,944 [WARN] ConditionMgr:1044 - genDependencies : Invalid condition id : Cortex-A Device cause : null
2025-04-14 19:48:06,944 [WARN] ConditionMgr:1044 - genDependencies : Invalid condition id : Cortex-A Device cause : null
2025-04-14 19:48:06,944 [WARN] ConditionMgr:1044 - genDependencies : Invalid condition id : Cortex-A Device cause : null
2025-04-14 19:48:06,964 [WARN] PackLoader:240 - Cannot read IP mode file for STMicroelectronics.X-CUBE-EEPRMA1.5.1.0
2025-04-14 19:48:06,979 [WARN] PackLoader:240 - Cannot read IP mode file for wolfSSL.I-CUBE-wolfSSL.5.7.4
2025-04-14 19:48:07,000 [WARN] PackLoader:240 - Cannot read IP mode file for ITTIA_DB.I-CUBE-ITTIADB.8.9.0
2025-04-14 19:48:07,079 [WARN] PackLoader:240 - Cannot read IP mode file for SEGGER.I-CUBE-embOS.1.3.1
2025-04-14 19:48:07,178 [WARN] PackLoader:240 - Cannot read IP mode file for STMicroelectronics.X-CUBE-ALGOBUILD.1.4.0
2025-04-14 19:48:07,197 [WARN] PackLoader:240 - Cannot read IP mode file for STMicroelectronics.X-CUBE-AI.9.1.0
2025-04-14 19:48:07,258 [WARN] PackLoader:240 - Cannot read IP mode file for STMicroelectronics.X-CUBE-AZRTOS-F4.1.1.0
2025-04-14 19:48:07,285 [WARN] PackLoader:240 - Cannot read IP mode file for STMicroelectronics.X-CUBE-ISPU.2.1.0
2025-04-14 19:48:07,333 [WARN] PackLoader:240 - Cannot read IP mode file for STMicroelectronics.X-CUBE-AZRTOS-L5.2.0.0
2025-04-14 19:48:07,360 [WARN] PackLoader:240 - Cannot read IP mode file for STMicroelectronics.X-CUBE-NFC6.3.1.0
2025-04-14 19:48:07,379 [WARN] PackLoader:240 - Cannot read IP mode file for STMicroelectronics.X-CUBE-DPower.1.2.0
2025-04-14 19:48:07,396 [WARN] PackLoader:240 - Cannot read IP mode file for STMicroelectronics.X-CUBE-FREERTOS.1.3.0
2025-04-14 19:48:07,416 [WARN] PackLoader:240 - Cannot read IP mode file for STMicroelectronics.X-CUBE-NFC7.1.0.1
2025-04-14 19:48:07,436 [WARN] PackLoader:240 - Cannot read IP mode file for STMicroelectronics.X-CUBE-DPower.1.3.0
2025-04-14 19:48:07,480 [WARN] ConditionMgr:438 - getConditionDescription Invalid condition id : LAN8742 Phy interface Condition cause : null
2025-04-14 19:48:07,481 [WARN] PackLoader:240 - Cannot read IP mode file for STMicroelectronics.X-CUBE-AZRTOS-L4.2.0.0
2025-04-14 19:48:07,484 [WARN] ConditionMgr:1044 - genDependencies : Invalid condition id : LAN8742 Phy interface Condition cause : null
2025-04-14 19:48:07,485 [WARN] ConditionMgr:1044 - genDependencies : Invalid condition id : LAN8742 Phy interface Condition cause : null
2025-04-14 19:48:07,486 [WARN] ConditionMgr:1044 - genDependencies : Invalid condition id : LAN8742 Phy interface Condition cause : null
2025-04-14 19:48:07,508 [WARN] PackLoader:240 - Cannot read IP mode file for STMicroelectronics.X-CUBE-SFXS2LP1.4.0.0
2025-04-14 19:48:07,562 [WARN] PackLoader:240 - Cannot read IP mode file for STMicroelectronics.X-CUBE-AZRTOS-H7.3.3.0
2025-04-14 19:48:07,618 [WARN] ConditionMgr:438 - getConditionDescription Invalid condition id : UX DEVICE CLASS RTOS Condition cause : null
2025-04-14 19:48:07,619 [WARN] ConditionMgr:438 - getConditionDescription Invalid condition id : UX DEVICE CLASS RTOS Condition cause : null
2025-04-14 19:48:07,622 [WARN] PackLoader:240 - Cannot read IP mode file for STMicroelectronics.X-CUBE-AZRTOS-WB.2.0.0
2025-04-14 19:48:07,623 [WARN] ConditionMgr:1044 - genDependencies : Invalid condition id : UX DEVICE CLASS RTOS Condition cause : null
2025-04-14 19:48:07,623 [WARN] ConditionMgr:1044 - genDependencies : Invalid condition id : UX DEVICE CLASS RTOS Condition cause : null
2025-04-14 19:48:07,624 [WARN] ConditionMgr:1044 - genDependencies : Invalid condition id : UX DEVICE CLASS RTOS Condition cause : null
2025-04-14 19:48:07,624 [WARN] ConditionMgr:1044 - genDependencies : Invalid condition id : UX DEVICE CLASS RTOS Condition cause : null
2025-04-14 19:48:07,624 [WARN] ConditionMgr:1044 - genDependencies : Invalid condition id : UX DEVICE CLASS RTOS Condition cause : null
2025-04-14 19:48:07,646 [WARN] PackLoader:240 - Cannot read IP mode file for STMicroelectronics.X-CUBE-GNSS1.7.0.1
2025-04-14 19:48:07,662 [WARN] PackLoader:240 - Cannot read IP mode file for STMicroelectronics.X-CUBE-TOUCHGFX.4.25.0
2025-04-14 19:48:07,687 [WARN] PackLoader:240 - Cannot read IP mode file for STMicroelectronics.FP-SNS-STBOX1.2.0.0
2025-04-14 19:48:07,730 [WARN] PackLoader:240 - Cannot read IP mode file for STMicroelectronics.X-CUBE-SUBG2.5.0.0
2025-04-14 19:48:07,801 [WARN] PackLoader:240 - Cannot read IP mode file for STMicroelectronics.X-CUBE-AZRTOS-H7RS.1.1.0
2025-04-14 19:48:07,821 [WARN] PackLoader:240 - Cannot read IP mode file for Cesanta.I-CUBE-Mongoose.7.13.0
2025-04-14 19:48:07,867 [WARN] PackLoader:240 - Cannot read IP mode file for STMicroelectronics.X-CUBE-AZRTOS-G4.2.0.0
2025-04-14 19:48:07,897 [WARN] PackLoader:240 - Cannot read IP mode file for STMicroelectronics.X-CUBE-IPS.3.1.0
2025-04-14 19:48:07,918 [WARN] PackLoader:240 - Cannot read IP mode file for STMicroelectronics.X-CUBE-ALS.1.0.2
2025-04-14 19:48:07,929 [WARN] PackLoader:240 - Cannot read IP mode file for STMicroelectronics.X-CUBE-TOUCHGFX.4.24.2
2025-04-14 19:48:07,941 [WARN] PackLoader:240 - Cannot read IP mode file for wolfSSL.I-CUBE-wolfTPM.3.4.0
2025-04-14 19:48:07,960 [WARN] PackLoader:240 - Cannot read IP mode file for portGmbH.I-Cube-SoM-uGOAL.1.1.0
2025-04-14 19:48:08,004 [WARN] PackLoader:240 - Cannot read IP mode file for STMicroelectronics.X-CUBE-AZRTOS-H7RS.1.0.0
2025-04-14 19:48:08,043 [WARN] PackLoader:240 - Cannot read IP mode file for STMicroelectronics.X-CUBE-TOF1.3.4.2
2025-04-14 19:48:08,071 [WARN] PackLoader:240 - Cannot read IP mode file for wolfSSL.I-CUBE-wolfSSH.1.4.17
2025-04-14 19:48:08,072 [INFO] ThirdParty:978 - Integrity check success = true
2025-04-14 19:48:08,072 [INFO] IntegrityCheckThread:100 - exiting critical section [integrity check]
2025-04-14 19:48:08,072 [INFO] IntegrityCheckThread:103 - End integrity checks thread
2025-04-14 20:47:29,151 [INFO] WebApp:190 - Connection lost
2025-04-14 20:47:30,416 [INFO] WebApp:187 - Connection restablished
2025-04-14 20:47:31,300 [INFO] WebApp:190 - Connection lost
2025-04-14 20:47:31,732 [INFO] WebApp:187 - Connection restablished
2025-04-14 20:47:34,669 [INFO] WebApp:190 - Connection lost
2025-04-14 20:47:36,266 [INFO] WebApp:187 - Connection restablished
2025-04-14 23:07:12,075 [INFO] WebApp:190 - Connection lost
2025-04-14 23:07:25,017 [INFO] WebApp:187 - Connection restablished
