2025-04-15 01:40:25,674 [ERROR] LogOutputStream:75 - [STDERR_REDIRECT] 
2025-04-15 09:13:53,306 [INFO] Activator:176 - 


2025-04-15 09:13:53,309 [INFO] Activator:177 - !SESSION log4j initialized
2025-04-15 09:14:01,864 [INFO] LogOutputStream:77 - [STDOUT_REDIRECT] 
2025-04-15 09:14:05,377 [INFO] ApplicationProperties:184 - Using Application install path: C:\ST\STM32CubeIDE_1.17.0\STM32CubeIDE\plugins\com.st.stm32cube.common.mx_6.13.0.202411220809
2025-04-15 09:14:05,398 [INFO] DbMcusXml:78 - Set database path to: C:\ST\STM32CubeIDE_1.17.0\STM32CubeIDE\plugins\com.st.stm32cube.common.mx_6.13.0.202411220809\\db\/mcu/
2025-04-15 09:14:05,399 [INFO] ApiDb:274 - Set plugin database path to: C:\ST\STM32CubeIDE_1.17.0\STM32CubeIDE\plugins\com.st.stm32cube.common.mx_6.13.0.202411220809\\db\/plugins/boardmanager/
2025-04-15 09:14:05,399 [WARN] ApiDb:259 - Overriding images path with different value:  => C:\ST\STM32CubeIDE_1.17.0\STM32CubeIDE\plugins\com.st.stm32cube.common.mx_6.13.0.202411220809\\db\/plugins/mcufinder/images/
2025-04-15 09:14:05,411 [INFO] ApiDb:250 - Set database path to: C:\Users\DELL\.stmcufinder\plugins\mcufinder//mcu/
2025-04-15 09:14:05,412 [INFO] DbMcusAds:125 - Set database path to: C:\Users\DELL\.stmcufinder\plugins\mcufinder//mcu/
2025-04-15 09:14:06,210 [INFO] CrossReferenceDbSqlite:203 - Set database path to: C:\Users\DELL\.stmcufinder\plugins\mcufinder//mcu/cs/
2025-04-15 09:14:06,333 [INFO] RulesReader:64 - Compatibility file has been processed (297 Rules)
2025-04-15 09:14:06,416 [INFO] DbMcusXml:78 - Set database path to: C:\ST\STM32CubeIDE_1.17.0\STM32CubeIDE\plugins\com.st.stm32cube.common.mx_6.13.0.202411220809\\db\/mcu/
2025-04-15 09:14:06,416 [INFO] ApiDb:274 - Set plugin database path to: C:\ST\STM32CubeIDE_1.17.0\STM32CubeIDE\plugins\com.st.stm32cube.common.mx_6.13.0.202411220809\\db\/plugins/boardmanager/
2025-04-15 09:14:06,416 [INFO] ApiDb:261 - Set plugin images path to: C:\ST\STM32CubeIDE_1.17.0\STM32CubeIDE\plugins\com.st.stm32cube.common.mx_6.13.0.202411220809\\db\/plugins/mcufinder/images/
2025-04-15 09:14:06,416 [WARN] DbFile:41 - Overriding database path with different value: C:\Users\DELL\.stmcufinder\plugins\mcufinder/ => C:\Users\DELL\.stmcufinder\plugins\mcufinder
2025-04-15 09:14:06,416 [INFO] ApiDb:250 - Set database path to: C:\Users\DELL\.stmcufinder\plugins\mcufinder//mcu/
2025-04-15 09:14:06,416 [WARN] DbFile:41 - Overriding database path with different value: C:\Users\DELL\.stmcufinder\plugins\mcufinder/ => C:\Users\DELL\.stmcufinder\plugins\mcufinder
2025-04-15 09:14:06,417 [INFO] DbMcusAds:125 - Set database path to: C:\Users\DELL\.stmcufinder\plugins\mcufinder//mcu/
2025-04-15 09:14:06,417 [WARN] DbFile:41 - Overriding database path with different value: C:\Users\DELL\.stmcufinder\plugins\mcufinder/ => C:\Users\DELL\.stmcufinder\plugins\mcufinder
2025-04-15 09:14:06,417 [WARN] DbFile:41 - Overriding database path with different value: C:\Users\DELL\.stmcufinder\plugins\mcufinder/ => C:\Users\DELL\.stmcufinder\plugins\mcufinder
2025-04-15 09:14:07,210 [INFO] CrossReferenceDbSqlite:203 - Set database path to: C:\Users\DELL\.stmcufinder\plugins\mcufinder//mcu/cs/
2025-04-15 09:14:07,296 [INFO] MainPanel:272 - HeapMemory: 268435456
2025-04-15 09:14:07,422 [INFO] DbMcusXml:78 - Set database path to: C:\ST\STM32CubeIDE_1.17.0\STM32CubeIDE\plugins\com.st.stm32cube.common.mx_6.13.0.202411220809\\db\/mcu/
2025-04-15 09:14:07,422 [INFO] ApiDb:274 - Set plugin database path to: C:\ST\STM32CubeIDE_1.17.0\STM32CubeIDE\plugins\com.st.stm32cube.common.mx_6.13.0.202411220809\\db\/plugins/boardmanager/
2025-04-15 09:14:07,422 [INFO] ApiDb:261 - Set plugin images path to: C:\ST\STM32CubeIDE_1.17.0\STM32CubeIDE\plugins\com.st.stm32cube.common.mx_6.13.0.202411220809\\db\/plugins/mcufinder/images/
2025-04-15 09:14:07,422 [WARN] DbFile:41 - Overriding database path with different value: C:\Users\DELL\.stmcufinder\plugins\mcufinder/ => C:\Users\DELL\.stmcufinder\plugins\mcufinder
2025-04-15 09:14:07,422 [INFO] ApiDb:250 - Set database path to: C:\Users\DELL\.stmcufinder\plugins\mcufinder//mcu/
2025-04-15 09:14:07,423 [WARN] DbFile:41 - Overriding database path with different value: C:\Users\DELL\.stmcufinder\plugins\mcufinder/ => C:\Users\DELL\.stmcufinder\plugins\mcufinder
2025-04-15 09:14:07,423 [INFO] DbMcusAds:125 - Set database path to: C:\Users\DELL\.stmcufinder\plugins\mcufinder//mcu/
2025-04-15 09:14:07,423 [WARN] DbFile:41 - Overriding database path with different value: C:\Users\DELL\.stmcufinder\plugins\mcufinder/ => C:\Users\DELL\.stmcufinder\plugins\mcufinder
2025-04-15 09:14:07,423 [WARN] DbFile:41 - Overriding database path with different value: C:\Users\DELL\.stmcufinder\plugins\mcufinder/ => C:\Users\DELL\.stmcufinder\plugins\mcufinder
2025-04-15 09:14:08,210 [INFO] CrossReferenceDbSqlite:203 - Set database path to: C:\Users\DELL\.stmcufinder\plugins\mcufinder//mcu/cs/
2025-04-15 09:14:08,235 [INFO] ApplicationProperties:184 - Using Application install path: C:\ST\STM32CubeIDE_1.17.0\STM32CubeIDE\plugins\com.st.stm32cube.common.mx_6.13.0.202411220809
2025-04-15 09:14:08,237 [INFO] PluginManage:196 - Search for loadable plugins [exclusion list=, ]
2025-04-15 09:14:08,240 [INFO] PluginManage:310 - Check plugin analytics
2025-04-15 09:14:09,290 [INFO] AnalyticsPlugin:253 - Accepted Software Licenses: STM32CubeMX.6.13.0
2025-04-15 09:14:09,290 [INFO] AnalyticsPlugin:255 - Accepted CMSIS Pack Licenses: 
2025-04-15 09:14:09,290 [INFO] AnalyticsPlugin:257 - Accepted Firmware Licenses: 
2025-04-15 09:14:09,294 [INFO] PluginManage:359 - Loaded plugin analytics (category:tool,tabindex:-1)
2025-04-15 09:14:09,295 [INFO] PluginManage:310 - Check plugin cadmodel
2025-04-15 09:14:09,301 [INFO] CADModel:105 - Init CAD model plugin
2025-04-15 09:14:09,302 [INFO] PluginManage:359 - Loaded plugin cadmodel (category:power,tabindex:5)
2025-04-15 09:14:09,302 [INFO] PluginManage:310 - Check plugin clock
2025-04-15 09:14:09,314 [INFO] PluginManage:359 - Loaded plugin clock (category:base,tabindex:2)
2025-04-15 09:14:09,314 [INFO] PluginManage:310 - Check plugin ddr
2025-04-15 09:14:09,317 [INFO] PluginManage:359 - Loaded plugin ddr (category:tool,tabindex:6)
2025-04-15 09:14:09,317 [INFO] PluginManage:310 - Check plugin filemanager
2025-04-15 09:14:09,610 [INFO] PluginManage:359 - Loaded plugin filemanager (category:base,tabindex:10)
2025-04-15 09:14:09,610 [INFO] PluginManage:310 - Check plugin ipmanager
2025-04-15 09:14:09,617 [INFO] PluginManage:359 - Loaded plugin ipmanager (category:base,tabindex:5)
2025-04-15 09:14:09,618 [INFO] PluginManage:310 - Check plugin lpbam
2025-04-15 09:14:09,626 [INFO] PluginManage:359 - Loaded plugin lpbam (category:base,tabindex:0)
2025-04-15 09:14:09,626 [INFO] PluginManage:310 - Check plugin memorymap
2025-04-15 09:14:09,641 [INFO] PluginManage:359 - Loaded plugin memorymap (category:base,tabindex:4)
2025-04-15 09:14:09,642 [INFO] PluginManage:310 - Check plugin pinoutandconfiguration
2025-04-15 09:14:09,652 [INFO] PluginManage:359 - Loaded plugin pinoutandconfiguration (category:base,tabindex:1)
2025-04-15 09:14:09,652 [INFO] PluginManage:310 - Check plugin pinoutconfig
2025-04-15 09:14:09,749 [WARN] SupportedApi:132 - Cannot load RTOS API schema: s4s-elt-must-match.1: The content of 'definitions' must match (annotation?, (simpleType | complexType)?, (unique | key | keyref)*)). A problem was found starting at: attribute.
2025-04-15 09:14:09,898 [INFO] PluginManage:359 - Loaded plugin pinoutconfig (category:base,tabindex:0)
2025-04-15 09:14:09,899 [INFO] PluginManage:310 - Check plugin power
2025-04-15 09:14:09,911 [INFO] PluginManage:359 - Loaded plugin power (category:power,tabindex:4)
2025-04-15 09:14:09,911 [INFO] PluginManage:310 - Check plugin projectmanager
2025-04-15 09:14:09,940 [INFO] PluginManage:359 - Loaded plugin projectmanager (category:projectmanager,tabindex:4)
2025-04-15 09:14:09,940 [INFO] PluginManage:310 - Check plugin rif
2025-04-15 09:14:09,949 [INFO] PluginManage:359 - Loaded plugin rif (category:base,tabindex:3)
2025-04-15 09:14:09,949 [INFO] PluginManage:310 - Check plugin thirdparty
2025-04-15 09:14:10,096 [WARN] IntegrityCheckThread:84 - waiting for thirdparty lock release [integrity check]
2025-04-15 09:14:10,097 [INFO] PluginManage:359 - Loaded plugin thirdparty (category:base,tabindex:-1)
2025-04-15 09:14:10,097 [INFO] IntegrityCheckThread:86 - entering critical section [integrity check]
2025-04-15 09:14:10,097 [INFO] PluginManage:310 - Check plugin tools
2025-04-15 09:14:10,097 [INFO] ThirdPartyUpdaterWithRetryManager:70 - Updater plugin not ready yet. [1/15]
2025-04-15 09:14:10,100 [INFO] PluginManage:359 - Loaded plugin tools (category:base,tabindex:7)
2025-04-15 09:14:10,100 [INFO] PluginManage:310 - Check plugin tutovideos
2025-04-15 09:14:10,277 [INFO] PluginManage:359 - Loaded plugin tutovideos (category:base,tabindex:-1)
2025-04-15 09:14:10,278 [INFO] PluginManage:310 - Check plugin updater
2025-04-15 09:14:10,302 [INFO] PluginManage:359 - Loaded plugin updater (category:base,tabindex:12)
2025-04-15 09:14:10,302 [INFO] PluginManage:310 - Check plugin userauth
2025-04-15 09:14:10,306 [INFO] UserAuth:118 - Init User Auth plugin
2025-04-15 09:14:10,307 [INFO] PluginManage:359 - Loaded plugin userauth (category:base,tabindex:14)
2025-04-15 09:14:10,308 [INFO] PluginManage:283 - PluginManage : Loaded plugins [18]
2025-04-15 09:14:10,533 [INFO] PinOutPanel:1589 - setPackage(No Configuration,No Configuration)
2025-04-15 09:14:10,611 [INFO] CADModel:165 - CPN selected for project level
2025-04-15 09:14:10,612 [INFO] CADModel:114 - Register for checkConnection events
2025-04-15 09:14:10,631 [INFO] IPUIPlugin:80 - create IPUIPlugin
2025-04-15 09:14:10,631 [INFO] PluginManager:220 - loadIPPluginJar : add adc
2025-04-15 09:14:10,635 [INFO] IPUIPlugin:80 - create IPUIPlugin
2025-04-15 09:14:10,635 [INFO] PluginManager:220 - loadIPPluginJar : add aes
2025-04-15 09:14:10,638 [INFO] IPUIPlugin:80 - create IPUIPlugin
2025-04-15 09:14:10,638 [INFO] PluginManager:220 - loadIPPluginJar : add can
2025-04-15 09:14:10,641 [INFO] IPUIPlugin:80 - create IPUIPlugin
2025-04-15 09:14:10,641 [INFO] PluginManager:220 - loadIPPluginJar : add comp
2025-04-15 09:14:10,644 [INFO] IPUIPlugin:80 - create IPUIPlugin
2025-04-15 09:14:10,644 [INFO] PluginManager:220 - loadIPPluginJar : add cryp
2025-04-15 09:14:10,648 [INFO] IPUIPlugin:80 - create IPUIPlugin
2025-04-15 09:14:10,648 [INFO] PluginManager:220 - loadIPPluginJar : add ddr_ctrl_phy
2025-04-15 09:14:10,651 [INFO] IPUIPlugin:80 - create IPUIPlugin
2025-04-15 09:14:10,652 [INFO] PluginManager:220 - loadIPPluginJar : add dfsdm
2025-04-15 09:14:10,658 [INFO] IPUIPlugin:80 - create IPUIPlugin
2025-04-15 09:14:10,658 [INFO] PluginManager:220 - loadIPPluginJar : add dma
2025-04-15 09:14:10,661 [INFO] IPUIPlugin:80 - create IPUIPlugin
2025-04-15 09:14:10,661 [INFO] PluginManager:220 - loadIPPluginJar : add dma3
2025-04-15 09:14:10,665 [INFO] IPUIPlugin:80 - create IPUIPlugin
2025-04-15 09:14:10,665 [INFO] PluginManager:220 - loadIPPluginJar : add extmemmanager
2025-04-15 09:14:10,667 [INFO] IPUIPlugin:80 - create IPUIPlugin
2025-04-15 09:14:10,667 [INFO] PluginManager:220 - loadIPPluginJar : add fatfs
2025-04-15 09:14:10,673 [INFO] IPUIPlugin:80 - create IPUIPlugin
2025-04-15 09:14:10,673 [INFO] PluginManager:220 - loadIPPluginJar : add fmc
2025-04-15 09:14:10,680 [INFO] IPUIPlugin:80 - create IPUIPlugin
2025-04-15 09:14:10,680 [INFO] PluginManager:220 - loadIPPluginJar : add freertos
2025-04-15 09:14:10,683 [INFO] IPUIPlugin:80 - create IPUIPlugin
2025-04-15 09:14:10,683 [INFO] PluginManager:220 - loadIPPluginJar : add genericplugin
2025-04-15 09:14:10,687 [INFO] IPUIPlugin:80 - create IPUIPlugin
2025-04-15 09:14:10,687 [INFO] PluginManager:220 - loadIPPluginJar : add gfxmmu
2025-04-15 09:14:10,693 [INFO] IPUIPlugin:80 - create IPUIPlugin
2025-04-15 09:14:10,693 [INFO] PluginManager:220 - loadIPPluginJar : add gic
2025-04-15 09:14:10,698 [INFO] IPUIPlugin:80 - create IPUIPlugin
2025-04-15 09:14:10,698 [INFO] PluginManager:220 - loadIPPluginJar : add gpio
2025-04-15 09:14:10,702 [INFO] IPUIPlugin:80 - create IPUIPlugin
2025-04-15 09:14:10,702 [INFO] PluginManager:220 - loadIPPluginJar : add gtzc
2025-04-15 09:14:10,706 [INFO] IPUIPlugin:80 - create IPUIPlugin
2025-04-15 09:14:10,706 [INFO] PluginManager:220 - loadIPPluginJar : add hash
2025-04-15 09:14:10,710 [INFO] IPUIPlugin:80 - create IPUIPlugin
2025-04-15 09:14:10,710 [INFO] PluginManager:220 - loadIPPluginJar : add i2c
2025-04-15 09:14:10,714 [INFO] IPUIPlugin:80 - create IPUIPlugin
2025-04-15 09:14:10,714 [INFO] PluginManager:220 - loadIPPluginJar : add i2s
2025-04-15 09:14:10,717 [INFO] IPUIPlugin:80 - create IPUIPlugin
2025-04-15 09:14:10,718 [INFO] PluginManager:220 - loadIPPluginJar : add i3c
2025-04-15 09:14:10,722 [INFO] IPUIPlugin:80 - create IPUIPlugin
2025-04-15 09:14:10,722 [INFO] PluginManager:220 - loadIPPluginJar : add ipddr
2025-04-15 09:14:10,730 [INFO] IPUIPlugin:80 - create IPUIPlugin
2025-04-15 09:14:10,730 [INFO] PluginManager:220 - loadIPPluginJar : add linkedlist
2025-04-15 09:14:10,733 [INFO] IPUIPlugin:80 - create IPUIPlugin
2025-04-15 09:14:10,733 [INFO] PluginManager:220 - loadIPPluginJar : add lorawan
2025-04-15 09:14:10,736 [INFO] IPUIPlugin:80 - create IPUIPlugin
2025-04-15 09:14:10,736 [INFO] PluginManager:220 - loadIPPluginJar : add ltdc
2025-04-15 09:14:10,742 [INFO] IPUIPlugin:80 - create IPUIPlugin
2025-04-15 09:14:10,742 [INFO] PluginManager:220 - loadIPPluginJar : add mdma
2025-04-15 09:14:10,747 [INFO] IPUIPlugin:80 - create IPUIPlugin
2025-04-15 09:14:10,747 [INFO] PluginManager:220 - loadIPPluginJar : add nvic
2025-04-15 09:14:10,752 [INFO] IPUIPlugin:80 - create IPUIPlugin
2025-04-15 09:14:10,752 [INFO] PluginManager:220 - loadIPPluginJar : add opamp
2025-04-15 09:14:10,757 [INFO] IPUIPlugin:80 - create IPUIPlugin
2025-04-15 09:14:10,758 [INFO] PluginManager:220 - loadIPPluginJar : add openamp
2025-04-15 09:14:10,762 [INFO] IPUIPlugin:80 - create IPUIPlugin
2025-04-15 09:14:10,762 [INFO] PluginManager:220 - loadIPPluginJar : add pdm2pcm
2025-04-15 09:14:10,768 [INFO] IPUIPlugin:80 - create IPUIPlugin
2025-04-15 09:14:10,771 [INFO] PluginManager:220 - loadIPPluginJar : add plateformsettings
2025-04-15 09:14:10,773 [INFO] IPUIPlugin:80 - create IPUIPlugin
2025-04-15 09:14:10,774 [INFO] PluginManager:220 - loadIPPluginJar : add quadspi
2025-04-15 09:14:10,777 [INFO] IPUIPlugin:80 - create IPUIPlugin
2025-04-15 09:14:10,778 [INFO] PluginManager:220 - loadIPPluginJar : add radio
2025-04-15 09:14:10,783 [INFO] IPUIPlugin:80 - create IPUIPlugin
2025-04-15 09:14:10,783 [INFO] PluginManager:220 - loadIPPluginJar : add resmgrutility
2025-04-15 09:14:10,788 [INFO] IPUIPlugin:80 - create IPUIPlugin
2025-04-15 09:14:10,788 [INFO] PluginManager:220 - loadIPPluginJar : add sai
2025-04-15 09:14:10,791 [INFO] IPUIPlugin:80 - create IPUIPlugin
2025-04-15 09:14:10,791 [INFO] PluginManager:220 - loadIPPluginJar : add spi
2025-04-15 09:14:10,798 [INFO] IPUIPlugin:80 - create IPUIPlugin
2025-04-15 09:14:10,798 [INFO] PluginManager:220 - loadIPPluginJar : add stm32_wpan
2025-04-15 09:14:10,801 [INFO] IPUIPlugin:80 - create IPUIPlugin
2025-04-15 09:14:10,801 [INFO] PluginManager:220 - loadIPPluginJar : add tim
2025-04-15 09:14:10,805 [INFO] IPUIPlugin:80 - create IPUIPlugin
2025-04-15 09:14:10,805 [INFO] PluginManager:220 - loadIPPluginJar : add touchsensing
2025-04-15 09:14:10,809 [INFO] IPUIPlugin:80 - create IPUIPlugin
2025-04-15 09:14:10,809 [INFO] PluginManager:220 - loadIPPluginJar : add tracer_emb
2025-04-15 09:14:10,812 [INFO] IPUIPlugin:80 - create IPUIPlugin
2025-04-15 09:14:10,812 [INFO] PluginManager:220 - loadIPPluginJar : add ts
2025-04-15 09:14:10,815 [INFO] IPUIPlugin:80 - create IPUIPlugin
2025-04-15 09:14:10,815 [INFO] PluginManager:220 - loadIPPluginJar : add tsc
2025-04-15 09:14:10,818 [INFO] IPUIPlugin:80 - create IPUIPlugin
2025-04-15 09:14:10,819 [INFO] PluginManager:220 - loadIPPluginJar : add ucpd
2025-04-15 09:14:10,822 [INFO] IPUIPlugin:80 - create IPUIPlugin
2025-04-15 09:14:10,822 [INFO] PluginManager:220 - loadIPPluginJar : add usart
2025-04-15 09:14:10,828 [INFO] IPUIPlugin:80 - create IPUIPlugin
2025-04-15 09:14:10,828 [INFO] PluginManager:220 - loadIPPluginJar : add usbx
2025-04-15 09:14:10,957 [FATAL] Updater:351 - Updater called before beeing initialized
2025-04-15 09:14:10,987 [INFO] RulesReader:64 - Compatibility file has been processed (297 Rules)
2025-04-15 09:14:10,998 [INFO] RulesReader:64 - Compatibility file has been processed (297 Rules)
2025-04-15 09:14:11,010 [INFO] CADModel:165 - CPN selected for project level
2025-04-15 09:14:11,010 [INFO] CADModel:114 - Register for checkConnection events
2025-04-15 09:14:11,010 [FATAL] Updater:351 - Updater called before beeing initialized
2025-04-15 09:14:11,010 [ERROR] CADModel:125 - Updater not yet initialized, retry later 
2025-04-15 09:14:11,192 [FATAL] Updater:351 - Updater called before beeing initialized
2025-04-15 09:14:11,196 [INFO] CADModel:165 - CPN selected for project level
2025-04-15 09:14:11,196 [INFO] CADModel:114 - Register for checkConnection events
2025-04-15 09:14:11,196 [FATAL] Updater:351 - Updater called before beeing initialized
2025-04-15 09:14:11,196 [ERROR] CADModel:125 - Updater not yet initialized, retry later 
2025-04-15 09:14:11,200 [FATAL] Updater:351 - Updater called before beeing initialized
2025-04-15 09:14:11,336 [FATAL] Updater:351 - Updater called before beeing initialized
2025-04-15 09:14:11,342 [INFO] DbMcusAds:53 - JSON generation date=Thu Mar 06 21:54:22 ICT 2025 (1741272862078)
2025-04-15 09:14:11,342 [FATAL] Updater:351 - Updater called before beeing initialized
2025-04-15 09:14:11,395 [WARN] DetailPanel:346 - Failed to get advertising image, set to default
2025-04-15 09:14:11,719 [FATAL] Updater:351 - Updater called before beeing initialized
2025-04-15 09:14:11,722 [FATAL] Updater:351 - Updater called before beeing initialized
2025-04-15 09:14:11,722 [FATAL] Updater:351 - Updater called before beeing initialized
2025-04-15 09:14:11,722 [WARN] DetailPanel:346 - Failed to get advertising image, set to default
2025-04-15 09:14:11,723 [FATAL] Updater:351 - Updater called before beeing initialized
2025-04-15 09:14:11,822 [ERROR] Updater:1198 - MainUpdater not yet initialized. External WinMGr cannot be set.
2025-04-15 09:14:11,827 [INFO] Updater:1134 - Updater Version found : 6.13.0
2025-04-15 09:14:11,852 [INFO] ApplicationProperties:184 - Using Application install path: C:\ST\STM32CubeIDE_1.17.0\STM32CubeIDE\plugins\com.st.stm32cube.common.mx_6.13.0.202411220809
2025-04-15 09:14:13,098 [INFO] ThirdPartyUpdaterWithRetryManager:70 - Updater plugin not ready yet. [2/15]
2025-04-15 09:14:13,427 [ERROR] LogOutputStream:75 - [STDERR_REDIRECT] Apr 15, 2025 9:14:13 AM java.util.prefs.WindowsPreferences <init>
2025-04-15 09:14:13,429 [ERROR] LogOutputStream:75 - [STDERR_REDIRECT] WARNING: Could not open/create prefs root node Software\JavaSoft\Prefs at root 0xffffffff80000002. Windows RegCreateKeyEx(...) returned error code 5.
2025-04-15 09:14:13,429 [ERROR] LogOutputStream:75 - [STDERR_REDIRECT] 
2025-04-15 09:14:13,792 [INFO] MainUpdater:2872 - connection check result : 10
2025-04-15 09:14:13,792 [INFO] MainUpdater:289 - Updater Check For Update Now.
2025-04-15 09:14:13,792 [INFO] MicroXplorer:498 - Change Database Version : DB.6.0.130
2025-04-15 09:14:13,800 [INFO] McuFinderGlobals:63 - Set McuFinder mode to 2 (CubeIDE integrated)
2025-04-15 09:14:13,803 [INFO] UserAuth:486 - Internet connection configuration mode: 1
2025-04-15 09:14:13,836 [INFO] JxBrowserEngine:152 - Initiate JxBrowser Engine with user profile folder
2025-04-15 09:14:13,992 [INFO] CheckServerUpdateThread:120 - End of CheckServer Thread
2025-04-15 09:14:15,126 [INFO] WebApp:168 - Instantiating new browser for Auth
2025-04-15 09:14:16,317 [INFO] WebApp:449 - Apply proxy settings
2025-04-15 09:14:16,318 [INFO] WebApp:534 - Chromium requires no authentication
2025-04-15 09:14:16,340 [INFO] WebApp:477 - Direct internet connection detected
2025-04-15 09:14:16,404 [INFO] WebApp:880 - Register for checkConnection events
2025-04-15 09:14:16,404 [INFO] WebApp:449 - Apply proxy settings
2025-04-15 09:14:16,405 [INFO] WebApp:534 - Chromium requires no authentication
2025-04-15 09:14:16,405 [INFO] WebApp:477 - Direct internet connection detected
2025-04-15 09:14:16,602 [WARN] PackLoader:240 - Cannot read IP mode file for STMicroelectronics.FP-SNS-MOTENVWB1.1.4.0
2025-04-15 09:14:16,619 [WARN] PackLoader:240 - Cannot read IP mode file for STMicroelectronics.FP-ATR-ASTRA1.2.0.2
2025-04-15 09:14:16,627 [WARN] PackLoader:240 - Cannot read IP mode file for STMicroelectronics.FP-ATR-ASTRA1.2.0.1
2025-04-15 09:14:16,644 [WARN] PackLoader:240 - Cannot read IP mode file for STMicroelectronics.X-CUBE-SMBUS.2.1.0
2025-04-15 09:14:16,659 [WARN] PackLoader:240 - Cannot read IP mode file for STMicroelectronics.X-CUBE-WB05N.1.1.0
2025-04-15 09:14:16,731 [WARN] PackLoader:240 - Cannot read IP mode file for STMicroelectronics.X-CUBE-AZRTOS-F7.1.1.0
2025-04-15 09:14:16,751 [WARN] PackLoader:240 - Cannot read IP mode file for STMicroelectronics.FP-SNS-FLIGHT1.5.0.2
2025-04-15 09:14:16,819 [WARN] PackLoader:240 - Cannot read IP mode file for Infineon.AIROC-Wi-Fi-Bluetooth-STM32.1.7.0
2025-04-15 09:14:16,853 [WARN] PackLoader:240 - Cannot read IP mode file for STMicroelectronics.X-CUBE-DISPLAY.3.0.0
2025-04-15 09:14:16,876 [WARN] PackLoader:240 - Cannot read IP mode file for STMicroelectronics.X-CUBE-BLE1.7.0.0
2025-04-15 09:14:16,893 [WARN] PackLoader:240 - Cannot read IP mode file for STMicroelectronics.X-CUBE-NFC10.1.0.0
2025-04-15 09:14:16,936 [WARN] PackLoader:240 - Cannot read IP mode file for STMicroelectronics.X-CUBE-BLEMGR.4.0.0
2025-04-15 09:14:16,963 [WARN] PackLoader:240 - Cannot read IP mode file for emotas.I-CUBE-CANOPEN.1.3.0
2025-04-15 09:14:16,974 [WARN] PackLoader:240 - Cannot read IP mode file for STMicroelectronics.X-CUBE-AI.10.0.0
2025-04-15 09:14:16,975 [INFO] WebApp:221 - Starting web application
2025-04-15 09:14:16,975 [INFO] WebApp:579 - Web application path used C:\ST\STM32CubeIDE_1.17.0\STM32CubeIDE\plugins\com.st.stm32cube.common.mx_6.13.0.202411220809\db\plugins\mcufinder\reactClient1\index.html
2025-04-15 09:14:16,988 [INFO] WebApp:187 - Connection restablished
2025-04-15 09:14:17,005 [WARN] PackLoader:240 - Cannot read IP mode file for STMicroelectronics.FP-SNS-SMARTAG2.1.2.0
2025-04-15 09:14:17,019 [WARN] PackLoader:240 - Cannot read IP mode file for STMicroelectronics.FP-SNS-FLIGHT1.5.1.0
2025-04-15 09:14:17,181 [WARN] PackLoader:240 - Cannot read IP mode file for STMicroelectronics.X-CUBE-MEMS1.11.1.0
2025-04-15 09:14:17,282 [INFO] UserAuth:486 - Internet connection configuration mode: 1
2025-04-15 09:14:17,727 [INFO] LogOutputStream:77 - [STDOUT_REDIRECT] 1 : Invalid condition id : UX_CORESTACK_Condition cause : null
2025-04-15 09:14:17,728 [INFO] LogOutputStream:77 - [STDOUT_REDIRECT] 1 : Invalid condition id : UX_CORESTACK_Condition cause : null
2025-04-15 09:14:17,731 [INFO] LogOutputStream:77 - [STDOUT_REDIRECT] 1 : Invalid condition id : UX_CORESTACK_Condition cause : null
2025-04-15 09:14:17,736 [INFO] LogOutputStream:77 - [STDOUT_REDIRECT] 1 : Invalid condition id : UX_CORESTACK_Condition cause : null
2025-04-15 09:14:17,738 [INFO] LogOutputStream:77 - [STDOUT_REDIRECT] 1 : Invalid condition id : UX_CORESTACK_Condition cause : null
2025-04-15 09:14:17,745 [WARN] PackLoader:240 - Cannot read IP mode file for STMicroelectronics.X-CUBE-AZRTOS-WL.2.0.0
2025-04-15 09:14:17,771 [WARN] PackLoader:240 - Cannot read IP mode file for STMicroelectronics.FP-SNS-MOTENV1.5.0.0
2025-04-15 09:14:17,787 [WARN] PackLoader:240 - Cannot read IP mode file for wolfSSL.I-CUBE-wolfMQTT.1.19.0
2025-04-15 09:14:17,802 [WARN] PackLoader:240 - Cannot read IP mode file for WES.I-CUBE-Cesium.1.3.0
2025-04-15 09:14:17,816 [WARN] PackLoader:240 - Cannot read IP mode file for STMicroelectronics.X-CUBE-BLE2.3.3.0
2025-04-15 09:14:17,832 [WARN] PackLoader:240 - Cannot read IP mode file for STMicroelectronics.X-CUBE-NFC9.1.0.0
2025-04-15 09:14:17,846 [WARN] PackLoader:240 - Cannot read IP mode file for STMicroelectronics.X-CUBE-BLE1.7.1.0
2025-04-15 09:14:17,884 [WARN] PackLoader:240 - Cannot read IP mode file for STMicroelectronics.X-CUBE-AZRTOS-G0.1.1.0
2025-04-15 09:14:17,903 [WARN] PackLoader:240 - Cannot read IP mode file for STMicroelectronics.X-CUBE-SAFEA1.1.2.2
2025-04-15 09:14:17,918 [WARN] PackLoader:240 - Cannot read IP mode file for STMicroelectronics.X-CUBE-NFC4.3.0.0
2025-04-15 09:14:17,942 [WARN] PackLoader:240 - Cannot read IP mode file for EmbeddedOffice.I-CUBE-FS-RTOS.1.0.1
2025-04-15 09:14:17,957 [WARN] PackLoader:240 - Cannot read IP mode file for STMicroelectronics.X-CUBE-TCPP.4.2.0
2025-04-15 09:14:17,972 [WARN] PackLoader:240 - Cannot read IP mode file for RealThread.X-CUBE-RT-Thread_Nano.4.1.1
2025-04-15 09:14:17,986 [WARN] PackLoader:240 - Cannot read IP mode file for STMicroelectronics.FP-ATR-SIGFOX1.3.2.0
2025-04-15 09:14:18,025 [WARN] ConditionMgr:438 - getConditionDescription Invalid condition id : Cortex-A Device cause : null
2025-04-15 09:14:18,054 [WARN] ConditionMgr:1044 - genDependencies : Invalid condition id : Cortex-A Device cause : null
2025-04-15 09:14:18,054 [WARN] ConditionMgr:1044 - genDependencies : Invalid condition id : Cortex-A Device cause : null
2025-04-15 09:14:18,055 [WARN] ConditionMgr:1044 - genDependencies : Invalid condition id : Cortex-A Device cause : null
2025-04-15 09:14:18,071 [WARN] PackLoader:240 - Cannot read IP mode file for STMicroelectronics.X-CUBE-EEPRMA1.5.1.0
2025-04-15 09:14:18,090 [WARN] PackLoader:240 - Cannot read IP mode file for wolfSSL.I-CUBE-wolfSSL.5.7.4
2025-04-15 09:14:18,108 [WARN] PackLoader:240 - Cannot read IP mode file for ITTIA_DB.I-CUBE-ITTIADB.8.9.0
2025-04-15 09:14:18,207 [WARN] PackLoader:240 - Cannot read IP mode file for SEGGER.I-CUBE-embOS.1.3.1
2025-04-15 09:14:18,330 [WARN] PackLoader:240 - Cannot read IP mode file for STMicroelectronics.X-CUBE-ALGOBUILD.1.4.0
2025-04-15 09:14:18,340 [WARN] PackLoader:240 - Cannot read IP mode file for STMicroelectronics.X-CUBE-AI.9.1.0
2025-04-15 09:14:18,441 [WARN] PackLoader:240 - Cannot read IP mode file for STMicroelectronics.X-CUBE-AZRTOS-F4.1.1.0
2025-04-15 09:14:18,463 [WARN] PackLoader:240 - Cannot read IP mode file for STMicroelectronics.X-CUBE-ISPU.2.1.0
2025-04-15 09:14:18,534 [WARN] PackLoader:240 - Cannot read IP mode file for STMicroelectronics.X-CUBE-AZRTOS-L5.2.0.0
2025-04-15 09:14:18,563 [WARN] PackLoader:240 - Cannot read IP mode file for STMicroelectronics.X-CUBE-NFC6.3.1.0
2025-04-15 09:14:18,583 [WARN] PackLoader:240 - Cannot read IP mode file for STMicroelectronics.X-CUBE-DPower.1.2.0
2025-04-15 09:14:18,597 [WARN] PackLoader:240 - Cannot read IP mode file for STMicroelectronics.X-CUBE-FREERTOS.1.3.0
2025-04-15 09:14:18,608 [WARN] PackLoader:240 - Cannot read IP mode file for STMicroelectronics.X-CUBE-NFC7.1.0.1
2025-04-15 09:14:18,622 [WARN] PackLoader:240 - Cannot read IP mode file for STMicroelectronics.X-CUBE-DPower.1.3.0
2025-04-15 09:14:18,667 [WARN] ConditionMgr:438 - getConditionDescription Invalid condition id : LAN8742 Phy interface Condition cause : null
2025-04-15 09:14:18,669 [WARN] PackLoader:240 - Cannot read IP mode file for STMicroelectronics.X-CUBE-AZRTOS-L4.2.0.0
2025-04-15 09:14:18,672 [WARN] ConditionMgr:1044 - genDependencies : Invalid condition id : LAN8742 Phy interface Condition cause : null
2025-04-15 09:14:18,672 [WARN] ConditionMgr:1044 - genDependencies : Invalid condition id : LAN8742 Phy interface Condition cause : null
2025-04-15 09:14:18,673 [WARN] ConditionMgr:1044 - genDependencies : Invalid condition id : LAN8742 Phy interface Condition cause : null
2025-04-15 09:14:18,692 [WARN] PackLoader:240 - Cannot read IP mode file for STMicroelectronics.X-CUBE-SFXS2LP1.4.0.0
2025-04-15 09:14:18,745 [WARN] PackLoader:240 - Cannot read IP mode file for STMicroelectronics.X-CUBE-AZRTOS-H7.3.3.0
2025-04-15 09:14:18,779 [WARN] ConditionMgr:438 - getConditionDescription Invalid condition id : UX DEVICE CLASS RTOS Condition cause : null
2025-04-15 09:14:18,779 [WARN] ConditionMgr:438 - getConditionDescription Invalid condition id : UX DEVICE CLASS RTOS Condition cause : null
2025-04-15 09:14:18,783 [WARN] PackLoader:240 - Cannot read IP mode file for STMicroelectronics.X-CUBE-AZRTOS-WB.2.0.0
2025-04-15 09:14:18,784 [WARN] ConditionMgr:1044 - genDependencies : Invalid condition id : UX DEVICE CLASS RTOS Condition cause : null
2025-04-15 09:14:18,784 [WARN] ConditionMgr:1044 - genDependencies : Invalid condition id : UX DEVICE CLASS RTOS Condition cause : null
2025-04-15 09:14:18,785 [WARN] ConditionMgr:1044 - genDependencies : Invalid condition id : UX DEVICE CLASS RTOS Condition cause : null
2025-04-15 09:14:18,785 [WARN] ConditionMgr:1044 - genDependencies : Invalid condition id : UX DEVICE CLASS RTOS Condition cause : null
2025-04-15 09:14:18,786 [WARN] ConditionMgr:1044 - genDependencies : Invalid condition id : UX DEVICE CLASS RTOS Condition cause : null
2025-04-15 09:14:18,799 [WARN] PackLoader:240 - Cannot read IP mode file for STMicroelectronics.X-CUBE-GNSS1.7.0.1
2025-04-15 09:14:18,811 [WARN] PackLoader:240 - Cannot read IP mode file for STMicroelectronics.X-CUBE-TOUCHGFX.4.25.0
2025-04-15 09:14:18,826 [WARN] PackLoader:240 - Cannot read IP mode file for STMicroelectronics.FP-SNS-STBOX1.2.0.0
2025-04-15 09:14:18,849 [WARN] PackLoader:240 - Cannot read IP mode file for STMicroelectronics.X-CUBE-SUBG2.5.0.0
2025-04-15 09:14:18,894 [WARN] PackLoader:240 - Cannot read IP mode file for STMicroelectronics.X-CUBE-AZRTOS-H7RS.1.1.0
2025-04-15 09:14:18,908 [WARN] PackLoader:240 - Cannot read IP mode file for Cesanta.I-CUBE-Mongoose.7.13.0
2025-04-15 09:14:18,935 [WARN] PackLoader:240 - Cannot read IP mode file for STMicroelectronics.X-CUBE-AZRTOS-G4.2.0.0
2025-04-15 09:14:18,965 [WARN] PackLoader:240 - Cannot read IP mode file for STMicroelectronics.X-CUBE-IPS.3.1.0
2025-04-15 09:14:18,980 [WARN] PackLoader:240 - Cannot read IP mode file for STMicroelectronics.X-CUBE-ALS.1.0.2
2025-04-15 09:14:18,987 [WARN] PackLoader:240 - Cannot read IP mode file for STMicroelectronics.X-CUBE-TOUCHGFX.4.24.2
2025-04-15 09:14:18,994 [WARN] PackLoader:240 - Cannot read IP mode file for wolfSSL.I-CUBE-wolfTPM.3.4.0
2025-04-15 09:14:19,005 [WARN] PackLoader:240 - Cannot read IP mode file for portGmbH.I-Cube-SoM-uGOAL.1.1.0
2025-04-15 09:14:19,036 [WARN] PackLoader:240 - Cannot read IP mode file for STMicroelectronics.X-CUBE-AZRTOS-H7RS.1.0.0
2025-04-15 09:14:19,060 [WARN] PackLoader:240 - Cannot read IP mode file for STMicroelectronics.X-CUBE-TOF1.3.4.2
2025-04-15 09:14:19,086 [WARN] PackLoader:240 - Cannot read IP mode file for wolfSSL.I-CUBE-wolfSSH.1.4.17
2025-04-15 09:14:19,087 [INFO] ThirdParty:978 - Integrity check success = true
2025-04-15 09:14:19,087 [INFO] IntegrityCheckThread:100 - exiting critical section [integrity check]
2025-04-15 09:14:19,087 [INFO] IntegrityCheckThread:103 - End integrity checks thread
2025-04-15 10:47:47,585 [INFO] WebApp:389 - JxBrowser engine has been closed 
2025-04-15 14:31:25,013 [INFO] Activator:176 - 


2025-04-15 14:31:25,021 [INFO] Activator:177 - !SESSION log4j initialized
2025-04-15 14:31:31,987 [INFO] LogOutputStream:77 - [STDOUT_REDIRECT] 
2025-04-15 14:31:35,664 [INFO] ApplicationProperties:184 - Using Application install path: C:\ST\STM32CubeIDE_1.17.0\STM32CubeIDE\plugins\com.st.stm32cube.common.mx_6.13.0.202411220809
2025-04-15 14:31:35,684 [INFO] DbMcusXml:78 - Set database path to: C:\ST\STM32CubeIDE_1.17.0\STM32CubeIDE\plugins\com.st.stm32cube.common.mx_6.13.0.202411220809\\db\/mcu/
2025-04-15 14:31:35,684 [INFO] ApiDb:274 - Set plugin database path to: C:\ST\STM32CubeIDE_1.17.0\STM32CubeIDE\plugins\com.st.stm32cube.common.mx_6.13.0.202411220809\\db\/plugins/boardmanager/
2025-04-15 14:31:35,685 [WARN] ApiDb:259 - Overriding images path with different value:  => C:\ST\STM32CubeIDE_1.17.0\STM32CubeIDE\plugins\com.st.stm32cube.common.mx_6.13.0.202411220809\\db\/plugins/mcufinder/images/
2025-04-15 14:31:35,707 [INFO] ApiDb:250 - Set database path to: C:\Users\DELL\.stmcufinder\plugins\mcufinder//mcu/
2025-04-15 14:31:35,708 [INFO] DbMcusAds:125 - Set database path to: C:\Users\DELL\.stmcufinder\plugins\mcufinder//mcu/
2025-04-15 14:31:35,711 [INFO] CrossReferenceDbSqlite:203 - Set database path to: C:\Users\DELL\.stmcufinder\plugins\mcufinder//mcu/cs/
2025-04-15 14:31:35,844 [INFO] RulesReader:64 - Compatibility file has been processed (297 Rules)
2025-04-15 14:31:35,965 [INFO] DbMcusXml:78 - Set database path to: C:\ST\STM32CubeIDE_1.17.0\STM32CubeIDE\plugins\com.st.stm32cube.common.mx_6.13.0.202411220809\\db\/mcu/
2025-04-15 14:31:35,965 [INFO] ApiDb:274 - Set plugin database path to: C:\ST\STM32CubeIDE_1.17.0\STM32CubeIDE\plugins\com.st.stm32cube.common.mx_6.13.0.202411220809\\db\/plugins/boardmanager/
2025-04-15 14:31:35,965 [INFO] ApiDb:261 - Set plugin images path to: C:\ST\STM32CubeIDE_1.17.0\STM32CubeIDE\plugins\com.st.stm32cube.common.mx_6.13.0.202411220809\\db\/plugins/mcufinder/images/
2025-04-15 14:31:35,965 [WARN] DbFile:41 - Overriding database path with different value: C:\Users\DELL\.stmcufinder\plugins\mcufinder/ => C:\Users\DELL\.stmcufinder\plugins\mcufinder
2025-04-15 14:31:35,965 [INFO] ApiDb:250 - Set database path to: C:\Users\DELL\.stmcufinder\plugins\mcufinder//mcu/
2025-04-15 14:31:35,965 [WARN] DbFile:41 - Overriding database path with different value: C:\Users\DELL\.stmcufinder\plugins\mcufinder/ => C:\Users\DELL\.stmcufinder\plugins\mcufinder
2025-04-15 14:31:35,965 [INFO] DbMcusAds:125 - Set database path to: C:\Users\DELL\.stmcufinder\plugins\mcufinder//mcu/
2025-04-15 14:31:35,965 [WARN] DbFile:41 - Overriding database path with different value: C:\Users\DELL\.stmcufinder\plugins\mcufinder/ => C:\Users\DELL\.stmcufinder\plugins\mcufinder
2025-04-15 14:31:35,965 [WARN] DbFile:41 - Overriding database path with different value: C:\Users\DELL\.stmcufinder\plugins\mcufinder/ => C:\Users\DELL\.stmcufinder\plugins\mcufinder
2025-04-15 14:31:35,965 [INFO] CrossReferenceDbSqlite:203 - Set database path to: C:\Users\DELL\.stmcufinder\plugins\mcufinder//mcu/cs/
2025-04-15 14:31:36,067 [INFO] MainPanel:272 - HeapMemory: 268435456
2025-04-15 14:31:36,225 [INFO] DbMcusXml:78 - Set database path to: C:\ST\STM32CubeIDE_1.17.0\STM32CubeIDE\plugins\com.st.stm32cube.common.mx_6.13.0.202411220809\\db\/mcu/
2025-04-15 14:31:36,225 [INFO] ApiDb:274 - Set plugin database path to: C:\ST\STM32CubeIDE_1.17.0\STM32CubeIDE\plugins\com.st.stm32cube.common.mx_6.13.0.202411220809\\db\/plugins/boardmanager/
2025-04-15 14:31:36,225 [INFO] ApiDb:261 - Set plugin images path to: C:\ST\STM32CubeIDE_1.17.0\STM32CubeIDE\plugins\com.st.stm32cube.common.mx_6.13.0.202411220809\\db\/plugins/mcufinder/images/
2025-04-15 14:31:36,226 [WARN] DbFile:41 - Overriding database path with different value: C:\Users\DELL\.stmcufinder\plugins\mcufinder/ => C:\Users\DELL\.stmcufinder\plugins\mcufinder
2025-04-15 14:31:36,226 [INFO] ApiDb:250 - Set database path to: C:\Users\DELL\.stmcufinder\plugins\mcufinder//mcu/
2025-04-15 14:31:36,226 [WARN] DbFile:41 - Overriding database path with different value: C:\Users\DELL\.stmcufinder\plugins\mcufinder/ => C:\Users\DELL\.stmcufinder\plugins\mcufinder
2025-04-15 14:31:36,226 [INFO] DbMcusAds:125 - Set database path to: C:\Users\DELL\.stmcufinder\plugins\mcufinder//mcu/
2025-04-15 14:31:36,226 [WARN] DbFile:41 - Overriding database path with different value: C:\Users\DELL\.stmcufinder\plugins\mcufinder/ => C:\Users\DELL\.stmcufinder\plugins\mcufinder
2025-04-15 14:31:36,226 [WARN] DbFile:41 - Overriding database path with different value: C:\Users\DELL\.stmcufinder\plugins\mcufinder/ => C:\Users\DELL\.stmcufinder\plugins\mcufinder
2025-04-15 14:31:36,226 [INFO] CrossReferenceDbSqlite:203 - Set database path to: C:\Users\DELL\.stmcufinder\plugins\mcufinder//mcu/cs/
2025-04-15 14:31:36,246 [INFO] ApplicationProperties:184 - Using Application install path: C:\ST\STM32CubeIDE_1.17.0\STM32CubeIDE\plugins\com.st.stm32cube.common.mx_6.13.0.202411220809
2025-04-15 14:31:36,248 [INFO] PluginManage:196 - Search for loadable plugins [exclusion list=, ]
2025-04-15 14:31:36,250 [INFO] PluginManage:310 - Check plugin analytics
2025-04-15 14:31:36,461 [INFO] AnalyticsPlugin:253 - Accepted Software Licenses: STM32CubeMX.6.13.0
2025-04-15 14:31:36,461 [INFO] AnalyticsPlugin:255 - Accepted CMSIS Pack Licenses: 
2025-04-15 14:31:36,462 [INFO] AnalyticsPlugin:257 - Accepted Firmware Licenses: 
2025-04-15 14:31:36,466 [INFO] PluginManage:359 - Loaded plugin analytics (category:tool,tabindex:-1)
2025-04-15 14:31:36,467 [INFO] PluginManage:310 - Check plugin cadmodel
2025-04-15 14:31:36,475 [INFO] CADModel:105 - Init CAD model plugin
2025-04-15 14:31:36,475 [INFO] PluginManage:359 - Loaded plugin cadmodel (category:power,tabindex:5)
2025-04-15 14:31:36,475 [INFO] PluginManage:310 - Check plugin clock
2025-04-15 14:31:36,489 [INFO] PluginManage:359 - Loaded plugin clock (category:base,tabindex:2)
2025-04-15 14:31:36,489 [INFO] PluginManage:310 - Check plugin ddr
2025-04-15 14:31:36,492 [INFO] PluginManage:359 - Loaded plugin ddr (category:tool,tabindex:6)
2025-04-15 14:31:36,493 [INFO] PluginManage:310 - Check plugin filemanager
2025-04-15 14:31:36,823 [INFO] PluginManage:359 - Loaded plugin filemanager (category:base,tabindex:10)
2025-04-15 14:31:36,823 [INFO] PluginManage:310 - Check plugin ipmanager
2025-04-15 14:31:36,831 [INFO] PluginManage:359 - Loaded plugin ipmanager (category:base,tabindex:5)
2025-04-15 14:31:36,831 [INFO] PluginManage:310 - Check plugin lpbam
2025-04-15 14:31:36,840 [INFO] PluginManage:359 - Loaded plugin lpbam (category:base,tabindex:0)
2025-04-15 14:31:36,841 [INFO] PluginManage:310 - Check plugin memorymap
2025-04-15 14:31:36,857 [INFO] PluginManage:359 - Loaded plugin memorymap (category:base,tabindex:4)
2025-04-15 14:31:36,858 [INFO] PluginManage:310 - Check plugin pinoutandconfiguration
2025-04-15 14:31:36,869 [INFO] PluginManage:359 - Loaded plugin pinoutandconfiguration (category:base,tabindex:1)
2025-04-15 14:31:36,870 [INFO] PluginManage:310 - Check plugin pinoutconfig
2025-04-15 14:31:36,965 [WARN] SupportedApi:132 - Cannot load RTOS API schema: s4s-elt-must-match.1: The content of 'definitions' must match (annotation?, (simpleType | complexType)?, (unique | key | keyref)*)). A problem was found starting at: attribute.
2025-04-15 14:31:37,136 [INFO] PluginManage:359 - Loaded plugin pinoutconfig (category:base,tabindex:0)
2025-04-15 14:31:37,136 [INFO] PluginManage:310 - Check plugin power
2025-04-15 14:31:37,149 [INFO] PluginManage:359 - Loaded plugin power (category:power,tabindex:4)
2025-04-15 14:31:37,149 [INFO] PluginManage:310 - Check plugin projectmanager
2025-04-15 14:31:37,166 [INFO] PluginManage:359 - Loaded plugin projectmanager (category:projectmanager,tabindex:4)
2025-04-15 14:31:37,166 [INFO] PluginManage:310 - Check plugin rif
2025-04-15 14:31:37,176 [INFO] PluginManage:359 - Loaded plugin rif (category:base,tabindex:3)
2025-04-15 14:31:37,176 [INFO] PluginManage:310 - Check plugin thirdparty
2025-04-15 14:31:37,375 [WARN] IntegrityCheckThread:84 - waiting for thirdparty lock release [integrity check]
2025-04-15 14:31:37,376 [INFO] PluginManage:359 - Loaded plugin thirdparty (category:base,tabindex:-1)
2025-04-15 14:31:37,376 [INFO] IntegrityCheckThread:86 - entering critical section [integrity check]
2025-04-15 14:31:37,376 [INFO] PluginManage:310 - Check plugin tools
2025-04-15 14:31:37,376 [INFO] ThirdPartyUpdaterWithRetryManager:70 - Updater plugin not ready yet. [1/15]
2025-04-15 14:31:37,382 [INFO] PluginManage:359 - Loaded plugin tools (category:base,tabindex:7)
2025-04-15 14:31:37,382 [INFO] PluginManage:310 - Check plugin tutovideos
2025-04-15 14:31:37,605 [INFO] PluginManage:359 - Loaded plugin tutovideos (category:base,tabindex:-1)
2025-04-15 14:31:37,606 [INFO] PluginManage:310 - Check plugin updater
2025-04-15 14:31:37,631 [INFO] PluginManage:359 - Loaded plugin updater (category:base,tabindex:12)
2025-04-15 14:31:37,631 [INFO] PluginManage:310 - Check plugin userauth
2025-04-15 14:31:37,637 [INFO] UserAuth:118 - Init User Auth plugin
2025-04-15 14:31:37,639 [INFO] PluginManage:359 - Loaded plugin userauth (category:base,tabindex:14)
2025-04-15 14:31:37,641 [INFO] PluginManage:283 - PluginManage : Loaded plugins [18]
2025-04-15 14:31:37,893 [INFO] PinOutPanel:1589 - setPackage(No Configuration,No Configuration)
2025-04-15 14:31:37,988 [INFO] CADModel:165 - CPN selected for project level
2025-04-15 14:31:37,988 [INFO] CADModel:114 - Register for checkConnection events
2025-04-15 14:31:38,010 [INFO] IPUIPlugin:80 - create IPUIPlugin
2025-04-15 14:31:38,010 [INFO] PluginManager:220 - loadIPPluginJar : add adc
2025-04-15 14:31:38,014 [INFO] IPUIPlugin:80 - create IPUIPlugin
2025-04-15 14:31:38,014 [INFO] PluginManager:220 - loadIPPluginJar : add aes
2025-04-15 14:31:38,018 [INFO] IPUIPlugin:80 - create IPUIPlugin
2025-04-15 14:31:38,018 [INFO] PluginManager:220 - loadIPPluginJar : add can
2025-04-15 14:31:38,022 [INFO] IPUIPlugin:80 - create IPUIPlugin
2025-04-15 14:31:38,022 [INFO] PluginManager:220 - loadIPPluginJar : add comp
2025-04-15 14:31:38,026 [INFO] IPUIPlugin:80 - create IPUIPlugin
2025-04-15 14:31:38,026 [INFO] PluginManager:220 - loadIPPluginJar : add cryp
2025-04-15 14:31:38,030 [INFO] IPUIPlugin:80 - create IPUIPlugin
2025-04-15 14:31:38,031 [INFO] PluginManager:220 - loadIPPluginJar : add ddr_ctrl_phy
2025-04-15 14:31:38,034 [INFO] IPUIPlugin:80 - create IPUIPlugin
2025-04-15 14:31:38,034 [INFO] PluginManager:220 - loadIPPluginJar : add dfsdm
2025-04-15 14:31:38,041 [INFO] IPUIPlugin:80 - create IPUIPlugin
2025-04-15 14:31:38,042 [INFO] PluginManager:220 - loadIPPluginJar : add dma
2025-04-15 14:31:38,046 [INFO] IPUIPlugin:80 - create IPUIPlugin
2025-04-15 14:31:38,046 [INFO] PluginManager:220 - loadIPPluginJar : add dma3
2025-04-15 14:31:38,050 [INFO] IPUIPlugin:80 - create IPUIPlugin
2025-04-15 14:31:38,050 [INFO] PluginManager:220 - loadIPPluginJar : add extmemmanager
2025-04-15 14:31:38,053 [INFO] IPUIPlugin:80 - create IPUIPlugin
2025-04-15 14:31:38,053 [INFO] PluginManager:220 - loadIPPluginJar : add fatfs
2025-04-15 14:31:38,058 [INFO] IPUIPlugin:80 - create IPUIPlugin
2025-04-15 14:31:38,059 [INFO] PluginManager:220 - loadIPPluginJar : add fmc
2025-04-15 14:31:38,066 [INFO] IPUIPlugin:80 - create IPUIPlugin
2025-04-15 14:31:38,067 [INFO] PluginManager:220 - loadIPPluginJar : add freertos
2025-04-15 14:31:38,069 [INFO] IPUIPlugin:80 - create IPUIPlugin
2025-04-15 14:31:38,069 [INFO] PluginManager:220 - loadIPPluginJar : add genericplugin
2025-04-15 14:31:38,073 [INFO] IPUIPlugin:80 - create IPUIPlugin
2025-04-15 14:31:38,073 [INFO] PluginManager:220 - loadIPPluginJar : add gfxmmu
2025-04-15 14:31:38,079 [INFO] IPUIPlugin:80 - create IPUIPlugin
2025-04-15 14:31:38,079 [INFO] PluginManager:220 - loadIPPluginJar : add gic
2025-04-15 14:31:38,084 [INFO] IPUIPlugin:80 - create IPUIPlugin
2025-04-15 14:31:38,085 [INFO] PluginManager:220 - loadIPPluginJar : add gpio
2025-04-15 14:31:38,089 [INFO] IPUIPlugin:80 - create IPUIPlugin
2025-04-15 14:31:38,089 [INFO] PluginManager:220 - loadIPPluginJar : add gtzc
2025-04-15 14:31:38,093 [INFO] IPUIPlugin:80 - create IPUIPlugin
2025-04-15 14:31:38,094 [INFO] PluginManager:220 - loadIPPluginJar : add hash
2025-04-15 14:31:38,098 [INFO] IPUIPlugin:80 - create IPUIPlugin
2025-04-15 14:31:38,098 [INFO] PluginManager:220 - loadIPPluginJar : add i2c
2025-04-15 14:31:38,102 [INFO] IPUIPlugin:80 - create IPUIPlugin
2025-04-15 14:31:38,102 [INFO] PluginManager:220 - loadIPPluginJar : add i2s
2025-04-15 14:31:38,106 [INFO] IPUIPlugin:80 - create IPUIPlugin
2025-04-15 14:31:38,106 [INFO] PluginManager:220 - loadIPPluginJar : add i3c
2025-04-15 14:31:38,111 [INFO] IPUIPlugin:80 - create IPUIPlugin
2025-04-15 14:31:38,111 [INFO] PluginManager:220 - loadIPPluginJar : add ipddr
2025-04-15 14:31:38,119 [INFO] IPUIPlugin:80 - create IPUIPlugin
2025-04-15 14:31:38,119 [INFO] PluginManager:220 - loadIPPluginJar : add linkedlist
2025-04-15 14:31:38,123 [INFO] IPUIPlugin:80 - create IPUIPlugin
2025-04-15 14:31:38,123 [INFO] PluginManager:220 - loadIPPluginJar : add lorawan
2025-04-15 14:31:38,125 [INFO] IPUIPlugin:80 - create IPUIPlugin
2025-04-15 14:31:38,126 [INFO] PluginManager:220 - loadIPPluginJar : add ltdc
2025-04-15 14:31:38,133 [INFO] IPUIPlugin:80 - create IPUIPlugin
2025-04-15 14:31:38,133 [INFO] PluginManager:220 - loadIPPluginJar : add mdma
2025-04-15 14:31:38,139 [INFO] IPUIPlugin:80 - create IPUIPlugin
2025-04-15 14:31:38,139 [INFO] PluginManager:220 - loadIPPluginJar : add nvic
2025-04-15 14:31:38,143 [INFO] IPUIPlugin:80 - create IPUIPlugin
2025-04-15 14:31:38,144 [INFO] PluginManager:220 - loadIPPluginJar : add opamp
2025-04-15 14:31:38,148 [INFO] IPUIPlugin:80 - create IPUIPlugin
2025-04-15 14:31:38,149 [INFO] PluginManager:220 - loadIPPluginJar : add openamp
2025-04-15 14:31:38,153 [INFO] IPUIPlugin:80 - create IPUIPlugin
2025-04-15 14:31:38,154 [INFO] PluginManager:220 - loadIPPluginJar : add pdm2pcm
2025-04-15 14:31:38,161 [INFO] IPUIPlugin:80 - create IPUIPlugin
2025-04-15 14:31:38,165 [INFO] PluginManager:220 - loadIPPluginJar : add plateformsettings
2025-04-15 14:31:38,168 [INFO] IPUIPlugin:80 - create IPUIPlugin
2025-04-15 14:31:38,168 [INFO] PluginManager:220 - loadIPPluginJar : add quadspi
2025-04-15 14:31:38,173 [INFO] IPUIPlugin:80 - create IPUIPlugin
2025-04-15 14:31:38,174 [INFO] PluginManager:220 - loadIPPluginJar : add radio
2025-04-15 14:31:38,180 [INFO] IPUIPlugin:80 - create IPUIPlugin
2025-04-15 14:31:38,180 [INFO] PluginManager:220 - loadIPPluginJar : add resmgrutility
2025-04-15 14:31:38,186 [INFO] IPUIPlugin:80 - create IPUIPlugin
2025-04-15 14:31:38,186 [INFO] PluginManager:220 - loadIPPluginJar : add sai
2025-04-15 14:31:38,190 [INFO] IPUIPlugin:80 - create IPUIPlugin
2025-04-15 14:31:38,191 [INFO] PluginManager:220 - loadIPPluginJar : add spi
2025-04-15 14:31:38,198 [INFO] IPUIPlugin:80 - create IPUIPlugin
2025-04-15 14:31:38,198 [INFO] PluginManager:220 - loadIPPluginJar : add stm32_wpan
2025-04-15 14:31:38,201 [INFO] IPUIPlugin:80 - create IPUIPlugin
2025-04-15 14:31:38,201 [INFO] PluginManager:220 - loadIPPluginJar : add tim
2025-04-15 14:31:38,206 [INFO] IPUIPlugin:80 - create IPUIPlugin
2025-04-15 14:31:38,206 [INFO] PluginManager:220 - loadIPPluginJar : add touchsensing
2025-04-15 14:31:38,210 [INFO] IPUIPlugin:80 - create IPUIPlugin
2025-04-15 14:31:38,210 [INFO] PluginManager:220 - loadIPPluginJar : add tracer_emb
2025-04-15 14:31:38,213 [INFO] IPUIPlugin:80 - create IPUIPlugin
2025-04-15 14:31:38,213 [INFO] PluginManager:220 - loadIPPluginJar : add ts
2025-04-15 14:31:38,216 [INFO] IPUIPlugin:80 - create IPUIPlugin
2025-04-15 14:31:38,216 [INFO] PluginManager:220 - loadIPPluginJar : add tsc
2025-04-15 14:31:38,220 [INFO] IPUIPlugin:80 - create IPUIPlugin
2025-04-15 14:31:38,220 [INFO] PluginManager:220 - loadIPPluginJar : add ucpd
2025-04-15 14:31:38,224 [INFO] IPUIPlugin:80 - create IPUIPlugin
2025-04-15 14:31:38,224 [INFO] PluginManager:220 - loadIPPluginJar : add usart
2025-04-15 14:31:38,229 [INFO] IPUIPlugin:80 - create IPUIPlugin
2025-04-15 14:31:38,229 [INFO] PluginManager:220 - loadIPPluginJar : add usbx
2025-04-15 14:31:38,372 [FATAL] Updater:351 - Updater called before beeing initialized
2025-04-15 14:31:38,401 [INFO] RulesReader:64 - Compatibility file has been processed (297 Rules)
2025-04-15 14:31:38,412 [INFO] RulesReader:64 - Compatibility file has been processed (297 Rules)
2025-04-15 14:31:38,425 [INFO] CADModel:165 - CPN selected for project level
2025-04-15 14:31:38,425 [INFO] CADModel:114 - Register for checkConnection events
2025-04-15 14:31:38,425 [FATAL] Updater:351 - Updater called before beeing initialized
2025-04-15 14:31:38,425 [ERROR] CADModel:125 - Updater not yet initialized, retry later 
2025-04-15 14:31:38,652 [FATAL] Updater:351 - Updater called before beeing initialized
2025-04-15 14:31:38,655 [INFO] CADModel:165 - CPN selected for project level
2025-04-15 14:31:38,656 [INFO] CADModel:114 - Register for checkConnection events
2025-04-15 14:31:38,656 [FATAL] Updater:351 - Updater called before beeing initialized
2025-04-15 14:31:38,656 [ERROR] CADModel:125 - Updater not yet initialized, retry later 
2025-04-15 14:31:38,660 [FATAL] Updater:351 - Updater called before beeing initialized
2025-04-15 14:31:38,806 [FATAL] Updater:351 - Updater called before beeing initialized
2025-04-15 14:31:38,812 [INFO] DbMcusAds:53 - JSON generation date=Thu Mar 06 21:54:22 ICT 2025 (1741272862078)
2025-04-15 14:31:38,813 [FATAL] Updater:351 - Updater called before beeing initialized
2025-04-15 14:31:38,871 [WARN] DetailPanel:346 - Failed to get advertising image, set to default
2025-04-15 14:31:39,192 [FATAL] Updater:351 - Updater called before beeing initialized
2025-04-15 14:31:39,194 [FATAL] Updater:351 - Updater called before beeing initialized
2025-04-15 14:31:39,194 [FATAL] Updater:351 - Updater called before beeing initialized
2025-04-15 14:31:39,194 [WARN] DetailPanel:346 - Failed to get advertising image, set to default
2025-04-15 14:31:39,195 [FATAL] Updater:351 - Updater called before beeing initialized
2025-04-15 14:31:39,255 [ERROR] Updater:1198 - MainUpdater not yet initialized. External WinMGr cannot be set.
2025-04-15 14:31:39,258 [INFO] Updater:1134 - Updater Version found : 6.13.0
2025-04-15 14:31:39,279 [INFO] ApplicationProperties:184 - Using Application install path: C:\ST\STM32CubeIDE_1.17.0\STM32CubeIDE\plugins\com.st.stm32cube.common.mx_6.13.0.202411220809
2025-04-15 14:31:40,378 [INFO] ThirdPartyUpdaterWithRetryManager:70 - Updater plugin not ready yet. [2/15]
2025-04-15 14:31:40,860 [ERROR] LogOutputStream:75 - [STDERR_REDIRECT] Apr 15, 2025 2:31:40 PM java.util.prefs.WindowsPreferences <init>
2025-04-15 14:31:40,862 [ERROR] LogOutputStream:75 - [STDERR_REDIRECT] WARNING: Could not open/create prefs root node Software\JavaSoft\Prefs at root 0xffffffff80000002. Windows RegCreateKeyEx(...) returned error code 5.
2025-04-15 14:31:40,862 [ERROR] LogOutputStream:75 - [STDERR_REDIRECT] 
2025-04-15 14:31:41,339 [INFO] MainUpdater:2872 - connection check result : 10
2025-04-15 14:31:41,340 [INFO] MainUpdater:289 - Updater Check For Update Now.
2025-04-15 14:31:41,340 [INFO] MicroXplorer:498 - Change Database Version : DB.6.0.130
2025-04-15 14:31:41,348 [INFO] McuFinderGlobals:63 - Set McuFinder mode to 2 (CubeIDE integrated)
2025-04-15 14:31:41,351 [INFO] UserAuth:486 - Internet connection configuration mode: 1
2025-04-15 14:31:41,383 [INFO] JxBrowserEngine:152 - Initiate JxBrowser Engine with user profile folder
2025-04-15 14:31:41,533 [INFO] CheckServerUpdateThread:120 - End of CheckServer Thread
2025-04-15 14:31:42,748 [INFO] WebApp:168 - Instantiating new browser for Auth
2025-04-15 14:31:43,791 [WARN] PackLoader:240 - Cannot read IP mode file for STMicroelectronics.FP-SNS-MOTENVWB1.1.4.0
2025-04-15 14:31:43,820 [WARN] PackLoader:240 - Cannot read IP mode file for STMicroelectronics.FP-ATR-ASTRA1.2.0.2
2025-04-15 14:31:43,832 [WARN] PackLoader:240 - Cannot read IP mode file for STMicroelectronics.FP-ATR-ASTRA1.2.0.1
2025-04-15 14:31:43,860 [WARN] PackLoader:240 - Cannot read IP mode file for STMicroelectronics.X-CUBE-SMBUS.2.1.0
2025-04-15 14:31:43,882 [WARN] PackLoader:240 - Cannot read IP mode file for STMicroelectronics.X-CUBE-WB05N.1.1.0
2025-04-15 14:31:43,956 [WARN] PackLoader:240 - Cannot read IP mode file for STMicroelectronics.X-CUBE-AZRTOS-F7.1.1.0
2025-04-15 14:31:43,978 [WARN] PackLoader:240 - Cannot read IP mode file for STMicroelectronics.FP-SNS-FLIGHT1.5.0.2
2025-04-15 14:31:44,098 [WARN] PackLoader:240 - Cannot read IP mode file for Infineon.AIROC-Wi-Fi-Bluetooth-STM32.1.7.0
2025-04-15 14:31:44,158 [WARN] PackLoader:240 - Cannot read IP mode file for STMicroelectronics.X-CUBE-DISPLAY.3.0.0
2025-04-15 14:31:44,186 [WARN] PackLoader:240 - Cannot read IP mode file for STMicroelectronics.X-CUBE-BLE1.7.0.0
2025-04-15 14:31:44,204 [WARN] PackLoader:240 - Cannot read IP mode file for STMicroelectronics.X-CUBE-NFC10.1.0.0
2025-04-15 14:31:44,270 [WARN] PackLoader:240 - Cannot read IP mode file for STMicroelectronics.X-CUBE-BLEMGR.4.0.0
2025-04-15 14:31:44,299 [WARN] PackLoader:240 - Cannot read IP mode file for emotas.I-CUBE-CANOPEN.1.3.0
2025-04-15 14:31:44,319 [WARN] PackLoader:240 - Cannot read IP mode file for STMicroelectronics.X-CUBE-AI.10.0.0
2025-04-15 14:31:44,336 [WARN] PackLoader:240 - Cannot read IP mode file for STMicroelectronics.FP-SNS-SMARTAG2.1.2.0
2025-04-15 14:31:44,346 [WARN] PackLoader:240 - Cannot read IP mode file for STMicroelectronics.FP-SNS-FLIGHT1.5.1.0
2025-04-15 14:31:44,404 [INFO] WebApp:449 - Apply proxy settings
2025-04-15 14:31:44,404 [INFO] WebApp:534 - Chromium requires no authentication
2025-04-15 14:31:44,429 [INFO] WebApp:477 - Direct internet connection detected
2025-04-15 14:31:44,486 [WARN] PackLoader:240 - Cannot read IP mode file for STMicroelectronics.X-CUBE-MEMS1.11.1.0
2025-04-15 14:31:44,504 [INFO] WebApp:880 - Register for checkConnection events
2025-04-15 14:31:44,505 [INFO] WebApp:449 - Apply proxy settings
2025-04-15 14:31:44,505 [INFO] WebApp:534 - Chromium requires no authentication
2025-04-15 14:31:44,506 [INFO] WebApp:477 - Direct internet connection detected
2025-04-15 14:31:44,808 [INFO] LogOutputStream:77 - [STDOUT_REDIRECT] 1 : Invalid condition id : UX_CORESTACK_Condition cause : null
2025-04-15 14:31:44,810 [INFO] LogOutputStream:77 - [STDOUT_REDIRECT] 1 : Invalid condition id : UX_CORESTACK_Condition cause : null
2025-04-15 14:31:44,812 [INFO] LogOutputStream:77 - [STDOUT_REDIRECT] 1 : Invalid condition id : UX_CORESTACK_Condition cause : null
2025-04-15 14:31:44,816 [INFO] LogOutputStream:77 - [STDOUT_REDIRECT] 1 : Invalid condition id : UX_CORESTACK_Condition cause : null
2025-04-15 14:31:44,818 [INFO] LogOutputStream:77 - [STDOUT_REDIRECT] 1 : Invalid condition id : UX_CORESTACK_Condition cause : null
2025-04-15 14:31:44,822 [WARN] PackLoader:240 - Cannot read IP mode file for STMicroelectronics.X-CUBE-AZRTOS-WL.2.0.0
2025-04-15 14:31:44,834 [WARN] PackLoader:240 - Cannot read IP mode file for STMicroelectronics.FP-SNS-MOTENV1.5.0.0
2025-04-15 14:31:44,844 [WARN] PackLoader:240 - Cannot read IP mode file for wolfSSL.I-CUBE-wolfMQTT.1.19.0
2025-04-15 14:31:44,861 [WARN] PackLoader:240 - Cannot read IP mode file for WES.I-CUBE-Cesium.1.3.0
2025-04-15 14:31:44,885 [WARN] PackLoader:240 - Cannot read IP mode file for STMicroelectronics.X-CUBE-BLE2.3.3.0
2025-04-15 14:31:44,905 [WARN] PackLoader:240 - Cannot read IP mode file for STMicroelectronics.X-CUBE-NFC9.1.0.0
2025-04-15 14:31:44,918 [WARN] PackLoader:240 - Cannot read IP mode file for STMicroelectronics.X-CUBE-BLE1.7.1.0
2025-04-15 14:31:44,956 [WARN] PackLoader:240 - Cannot read IP mode file for STMicroelectronics.X-CUBE-AZRTOS-G0.1.1.0
2025-04-15 14:31:44,975 [WARN] PackLoader:240 - Cannot read IP mode file for STMicroelectronics.X-CUBE-SAFEA1.1.2.2
2025-04-15 14:31:44,991 [WARN] PackLoader:240 - Cannot read IP mode file for STMicroelectronics.X-CUBE-NFC4.3.0.0
2025-04-15 14:31:45,014 [WARN] PackLoader:240 - Cannot read IP mode file for EmbeddedOffice.I-CUBE-FS-RTOS.1.0.1
2025-04-15 14:31:45,030 [WARN] PackLoader:240 - Cannot read IP mode file for STMicroelectronics.X-CUBE-TCPP.4.2.0
2025-04-15 14:31:45,077 [WARN] PackLoader:240 - Cannot read IP mode file for RealThread.X-CUBE-RT-Thread_Nano.4.1.1
2025-04-15 14:31:45,091 [WARN] PackLoader:240 - Cannot read IP mode file for STMicroelectronics.FP-ATR-SIGFOX1.3.2.0
2025-04-15 14:31:45,104 [WARN] ConditionMgr:438 - getConditionDescription Invalid condition id : Cortex-A Device cause : null
2025-04-15 14:31:45,150 [WARN] ConditionMgr:1044 - genDependencies : Invalid condition id : Cortex-A Device cause : null
2025-04-15 14:31:45,150 [WARN] ConditionMgr:1044 - genDependencies : Invalid condition id : Cortex-A Device cause : null
2025-04-15 14:31:45,151 [WARN] ConditionMgr:1044 - genDependencies : Invalid condition id : Cortex-A Device cause : null
2025-04-15 14:31:45,168 [WARN] PackLoader:240 - Cannot read IP mode file for STMicroelectronics.X-CUBE-EEPRMA1.5.1.0
2025-04-15 14:31:45,180 [WARN] PackLoader:240 - Cannot read IP mode file for wolfSSL.I-CUBE-wolfSSL.5.7.4
2025-04-15 14:31:45,194 [WARN] PackLoader:240 - Cannot read IP mode file for ITTIA_DB.I-CUBE-ITTIADB.8.9.0
2025-04-15 14:31:45,214 [INFO] WebApp:221 - Starting web application
2025-04-15 14:31:45,214 [INFO] WebApp:579 - Web application path used C:\ST\STM32CubeIDE_1.17.0\STM32CubeIDE\plugins\com.st.stm32cube.common.mx_6.13.0.202411220809\db\plugins\mcufinder\reactClient1\index.html
2025-04-15 14:31:45,273 [WARN] PackLoader:240 - Cannot read IP mode file for SEGGER.I-CUBE-embOS.1.3.1
2025-04-15 14:31:45,390 [WARN] PackLoader:240 - Cannot read IP mode file for STMicroelectronics.X-CUBE-ALGOBUILD.1.4.0
2025-04-15 14:31:45,399 [WARN] PackLoader:240 - Cannot read IP mode file for STMicroelectronics.X-CUBE-AI.9.1.0
2025-04-15 14:31:45,437 [WARN] PackLoader:240 - Cannot read IP mode file for STMicroelectronics.X-CUBE-AZRTOS-F4.1.1.0
2025-04-15 14:31:45,451 [WARN] PackLoader:240 - Cannot read IP mode file for STMicroelectronics.X-CUBE-ISPU.2.1.0
2025-04-15 14:31:45,488 [WARN] PackLoader:240 - Cannot read IP mode file for STMicroelectronics.X-CUBE-AZRTOS-L5.2.0.0
2025-04-15 14:31:45,515 [WARN] PackLoader:240 - Cannot read IP mode file for STMicroelectronics.X-CUBE-NFC6.3.1.0
2025-04-15 14:31:45,521 [INFO] UserAuth:486 - Internet connection configuration mode: 1
2025-04-15 14:31:45,551 [WARN] PackLoader:240 - Cannot read IP mode file for STMicroelectronics.X-CUBE-DPower.1.2.0
2025-04-15 14:31:45,564 [WARN] PackLoader:240 - Cannot read IP mode file for STMicroelectronics.X-CUBE-FREERTOS.1.3.0
2025-04-15 14:31:45,580 [INFO] WebApp:187 - Connection restablished
2025-04-15 14:31:45,597 [WARN] PackLoader:240 - Cannot read IP mode file for STMicroelectronics.X-CUBE-NFC7.1.0.1
2025-04-15 14:31:45,640 [WARN] PackLoader:240 - Cannot read IP mode file for STMicroelectronics.X-CUBE-DPower.1.3.0
2025-04-15 14:31:45,708 [WARN] ConditionMgr:438 - getConditionDescription Invalid condition id : LAN8742 Phy interface Condition cause : null
2025-04-15 14:31:45,712 [WARN] PackLoader:240 - Cannot read IP mode file for STMicroelectronics.X-CUBE-AZRTOS-L4.2.0.0
2025-04-15 14:31:45,714 [WARN] ConditionMgr:1044 - genDependencies : Invalid condition id : LAN8742 Phy interface Condition cause : null
2025-04-15 14:31:45,715 [WARN] ConditionMgr:1044 - genDependencies : Invalid condition id : LAN8742 Phy interface Condition cause : null
2025-04-15 14:31:45,717 [WARN] ConditionMgr:1044 - genDependencies : Invalid condition id : LAN8742 Phy interface Condition cause : null
2025-04-15 14:31:45,748 [WARN] PackLoader:240 - Cannot read IP mode file for STMicroelectronics.X-CUBE-SFXS2LP1.4.0.0
2025-04-15 14:31:45,818 [WARN] PackLoader:240 - Cannot read IP mode file for STMicroelectronics.X-CUBE-AZRTOS-H7.3.3.0
2025-04-15 14:31:45,851 [WARN] ConditionMgr:438 - getConditionDescription Invalid condition id : UX DEVICE CLASS RTOS Condition cause : null
2025-04-15 14:31:45,851 [WARN] ConditionMgr:438 - getConditionDescription Invalid condition id : UX DEVICE CLASS RTOS Condition cause : null
2025-04-15 14:31:45,855 [WARN] PackLoader:240 - Cannot read IP mode file for STMicroelectronics.X-CUBE-AZRTOS-WB.2.0.0
2025-04-15 14:31:45,856 [WARN] ConditionMgr:1044 - genDependencies : Invalid condition id : UX DEVICE CLASS RTOS Condition cause : null
2025-04-15 14:31:45,856 [WARN] ConditionMgr:1044 - genDependencies : Invalid condition id : UX DEVICE CLASS RTOS Condition cause : null
2025-04-15 14:31:45,857 [WARN] ConditionMgr:1044 - genDependencies : Invalid condition id : UX DEVICE CLASS RTOS Condition cause : null
2025-04-15 14:31:45,858 [WARN] ConditionMgr:1044 - genDependencies : Invalid condition id : UX DEVICE CLASS RTOS Condition cause : null
2025-04-15 14:31:45,858 [WARN] ConditionMgr:1044 - genDependencies : Invalid condition id : UX DEVICE CLASS RTOS Condition cause : null
2025-04-15 14:31:45,872 [WARN] PackLoader:240 - Cannot read IP mode file for STMicroelectronics.X-CUBE-GNSS1.7.0.1
2025-04-15 14:31:45,885 [WARN] PackLoader:240 - Cannot read IP mode file for STMicroelectronics.X-CUBE-TOUCHGFX.4.25.0
2025-04-15 14:31:45,903 [WARN] PackLoader:240 - Cannot read IP mode file for STMicroelectronics.FP-SNS-STBOX1.2.0.0
2025-04-15 14:31:45,949 [WARN] PackLoader:240 - Cannot read IP mode file for STMicroelectronics.X-CUBE-SUBG2.5.0.0
2025-04-15 14:31:46,015 [WARN] PackLoader:240 - Cannot read IP mode file for STMicroelectronics.X-CUBE-AZRTOS-H7RS.1.1.0
2025-04-15 14:31:46,030 [WARN] PackLoader:240 - Cannot read IP mode file for Cesanta.I-CUBE-Mongoose.7.13.0
2025-04-15 14:31:46,073 [WARN] PackLoader:240 - Cannot read IP mode file for STMicroelectronics.X-CUBE-AZRTOS-G4.2.0.0
2025-04-15 14:31:46,118 [WARN] PackLoader:240 - Cannot read IP mode file for STMicroelectronics.X-CUBE-IPS.3.1.0
2025-04-15 14:31:46,140 [WARN] PackLoader:240 - Cannot read IP mode file for STMicroelectronics.X-CUBE-ALS.1.0.2
2025-04-15 14:31:46,153 [WARN] PackLoader:240 - Cannot read IP mode file for STMicroelectronics.X-CUBE-TOUCHGFX.4.24.2
2025-04-15 14:31:46,162 [WARN] PackLoader:240 - Cannot read IP mode file for wolfSSL.I-CUBE-wolfTPM.3.4.0
2025-04-15 14:31:46,176 [WARN] PackLoader:240 - Cannot read IP mode file for portGmbH.I-Cube-SoM-uGOAL.1.1.0
2025-04-15 14:31:46,214 [WARN] PackLoader:240 - Cannot read IP mode file for STMicroelectronics.X-CUBE-AZRTOS-H7RS.1.0.0
2025-04-15 14:31:46,241 [WARN] PackLoader:240 - Cannot read IP mode file for STMicroelectronics.X-CUBE-TOF1.3.4.2
2025-04-15 14:31:46,268 [WARN] PackLoader:240 - Cannot read IP mode file for wolfSSL.I-CUBE-wolfSSH.1.4.17
2025-04-15 14:31:46,269 [INFO] ThirdParty:978 - Integrity check success = true
2025-04-15 14:31:46,270 [INFO] IntegrityCheckThread:100 - exiting critical section [integrity check]
2025-04-15 14:31:46,270 [INFO] IntegrityCheckThread:103 - End integrity checks thread
2025-04-15 19:44:52,549 [INFO] WebApp:190 - Connection lost
2025-04-15 19:44:54,851 [INFO] WebApp:187 - Connection restablished
2025-04-15 19:44:55,281 [INFO] WebApp:190 - Connection lost
2025-04-15 19:44:56,203 [INFO] WebApp:187 - Connection restablished
2025-04-15 19:44:59,753 [INFO] WebApp:190 - Connection lost
2025-04-15 19:45:00,331 [INFO] WebApp:187 - Connection restablished
2025-04-15 23:18:15,002 [INFO] WebApp:190 - Connection lost
2025-04-15 23:18:18,363 [INFO] WebApp:187 - Connection restablished
2025-04-15 23:18:20,366 [INFO] WebApp:190 - Connection lost
2025-04-15 23:18:20,736 [INFO] WebApp:187 - Connection restablished
