2025-03-22 21:46:58,985 [INFO] Activator:176 - 


2025-03-22 21:46:58,993 [INFO] Activator:177 - !SESSION log4j initialized
2025-03-22 21:47:10,876 [INFO] LogOutputStream:77 - [STDOUT_REDIRECT] 
2025-03-22 21:47:14,461 [INFO] ApplicationProperties:184 - Using Application install path: C:\ST\STM32CubeIDE_1.17.0\STM32CubeIDE\plugins\com.st.stm32cube.common.mx_6.13.0.202411220809
2025-03-22 21:47:14,503 [INFO] DbMcusXml:78 - Set database path to: C:\ST\STM32CubeIDE_1.17.0\STM32CubeIDE\plugins\com.st.stm32cube.common.mx_6.13.0.202411220809\\db\/mcu/
2025-03-22 21:47:14,504 [INFO] ApiDb:274 - Set plugin database path to: C:\ST\STM32CubeIDE_1.17.0\STM32CubeIDE\plugins\com.st.stm32cube.common.mx_6.13.0.202411220809\\db\/plugins/boardmanager/
2025-03-22 21:47:14,506 [WARN] ApiDb:259 - Overriding images path with different value:  => C:\ST\STM32CubeIDE_1.17.0\STM32CubeIDE\plugins\com.st.stm32cube.common.mx_6.13.0.202411220809\\db\/plugins/mcufinder/images/
2025-03-22 21:47:14,535 [INFO] ApiDb:250 - Set database path to: C:\Users\DELL\.stmcufinder\plugins\mcufinder//mcu/
2025-03-22 21:47:14,538 [INFO] DbMcusAds:125 - Set database path to: C:\Users\DELL\.stmcufinder\plugins\mcufinder//mcu/
2025-03-22 21:47:15,212 [INFO] CrossReferenceDbSqlite:203 - Set database path to: C:\Users\DELL\.stmcufinder\plugins\mcufinder//mcu/cs/
2025-03-22 21:47:15,405 [INFO] RulesReader:64 - Compatibility file has been processed (297 Rules)
2025-03-22 21:47:15,568 [INFO] DbMcusXml:78 - Set database path to: C:\ST\STM32CubeIDE_1.17.0\STM32CubeIDE\plugins\com.st.stm32cube.common.mx_6.13.0.202411220809\\db\/mcu/
2025-03-22 21:47:15,568 [INFO] ApiDb:274 - Set plugin database path to: C:\ST\STM32CubeIDE_1.17.0\STM32CubeIDE\plugins\com.st.stm32cube.common.mx_6.13.0.202411220809\\db\/plugins/boardmanager/
2025-03-22 21:47:15,569 [INFO] ApiDb:261 - Set plugin images path to: C:\ST\STM32CubeIDE_1.17.0\STM32CubeIDE\plugins\com.st.stm32cube.common.mx_6.13.0.202411220809\\db\/plugins/mcufinder/images/
2025-03-22 21:47:15,569 [WARN] DbFile:41 - Overriding database path with different value: C:\Users\DELL\.stmcufinder\plugins\mcufinder/ => C:\Users\DELL\.stmcufinder\plugins\mcufinder
2025-03-22 21:47:15,569 [INFO] ApiDb:250 - Set database path to: C:\Users\DELL\.stmcufinder\plugins\mcufinder//mcu/
2025-03-22 21:47:15,569 [WARN] DbFile:41 - Overriding database path with different value: C:\Users\DELL\.stmcufinder\plugins\mcufinder/ => C:\Users\DELL\.stmcufinder\plugins\mcufinder
2025-03-22 21:47:15,569 [INFO] DbMcusAds:125 - Set database path to: C:\Users\DELL\.stmcufinder\plugins\mcufinder//mcu/
2025-03-22 21:47:15,570 [WARN] DbFile:41 - Overriding database path with different value: C:\Users\DELL\.stmcufinder\plugins\mcufinder/ => C:\Users\DELL\.stmcufinder\plugins\mcufinder
2025-03-22 21:47:15,570 [WARN] DbFile:41 - Overriding database path with different value: C:\Users\DELL\.stmcufinder\plugins\mcufinder/ => C:\Users\DELL\.stmcufinder\plugins\mcufinder
2025-03-22 21:47:16,212 [INFO] CrossReferenceDbSqlite:203 - Set database path to: C:\Users\DELL\.stmcufinder\plugins\mcufinder//mcu/cs/
2025-03-22 21:47:16,325 [INFO] MainPanel:272 - HeapMemory: 268435456
2025-03-22 21:47:16,506 [INFO] DbMcusXml:78 - Set database path to: C:\ST\STM32CubeIDE_1.17.0\STM32CubeIDE\plugins\com.st.stm32cube.common.mx_6.13.0.202411220809\\db\/mcu/
2025-03-22 21:47:16,507 [INFO] ApiDb:274 - Set plugin database path to: C:\ST\STM32CubeIDE_1.17.0\STM32CubeIDE\plugins\com.st.stm32cube.common.mx_6.13.0.202411220809\\db\/plugins/boardmanager/
2025-03-22 21:47:16,507 [INFO] ApiDb:261 - Set plugin images path to: C:\ST\STM32CubeIDE_1.17.0\STM32CubeIDE\plugins\com.st.stm32cube.common.mx_6.13.0.202411220809\\db\/plugins/mcufinder/images/
2025-03-22 21:47:16,508 [WARN] DbFile:41 - Overriding database path with different value: C:\Users\DELL\.stmcufinder\plugins\mcufinder/ => C:\Users\DELL\.stmcufinder\plugins\mcufinder
2025-03-22 21:47:16,508 [INFO] ApiDb:250 - Set database path to: C:\Users\DELL\.stmcufinder\plugins\mcufinder//mcu/
2025-03-22 21:47:16,508 [WARN] DbFile:41 - Overriding database path with different value: C:\Users\DELL\.stmcufinder\plugins\mcufinder/ => C:\Users\DELL\.stmcufinder\plugins\mcufinder
2025-03-22 21:47:16,508 [INFO] DbMcusAds:125 - Set database path to: C:\Users\DELL\.stmcufinder\plugins\mcufinder//mcu/
2025-03-22 21:47:16,508 [WARN] DbFile:41 - Overriding database path with different value: C:\Users\DELL\.stmcufinder\plugins\mcufinder/ => C:\Users\DELL\.stmcufinder\plugins\mcufinder
2025-03-22 21:47:16,508 [WARN] DbFile:41 - Overriding database path with different value: C:\Users\DELL\.stmcufinder\plugins\mcufinder/ => C:\Users\DELL\.stmcufinder\plugins\mcufinder
2025-03-22 21:47:17,212 [INFO] CrossReferenceDbSqlite:203 - Set database path to: C:\Users\DELL\.stmcufinder\plugins\mcufinder//mcu/cs/
2025-03-22 21:47:17,239 [INFO] ApplicationProperties:184 - Using Application install path: C:\ST\STM32CubeIDE_1.17.0\STM32CubeIDE\plugins\com.st.stm32cube.common.mx_6.13.0.202411220809
2025-03-22 21:47:17,240 [INFO] PluginManage:196 - Search for loadable plugins [exclusion list=, ]
2025-03-22 21:47:17,242 [INFO] PluginManage:310 - Check plugin analytics
2025-03-22 21:47:18,372 [INFO] AnalyticsPlugin:253 - Accepted Software Licenses: STM32CubeMX.6.13.0
2025-03-22 21:47:18,373 [INFO] AnalyticsPlugin:255 - Accepted CMSIS Pack Licenses: 
2025-03-22 21:47:18,373 [INFO] AnalyticsPlugin:257 - Accepted Firmware Licenses: 
2025-03-22 21:47:18,378 [INFO] PluginManage:359 - Loaded plugin analytics (category:tool,tabindex:-1)
2025-03-22 21:47:18,379 [INFO] PluginManage:310 - Check plugin cadmodel
2025-03-22 21:47:18,403 [INFO] CADModel:105 - Init CAD model plugin
2025-03-22 21:47:18,404 [INFO] PluginManage:359 - Loaded plugin cadmodel (category:power,tabindex:5)
2025-03-22 21:47:18,405 [INFO] PluginManage:310 - Check plugin clock
2025-03-22 21:47:18,429 [INFO] PluginManage:359 - Loaded plugin clock (category:base,tabindex:2)
2025-03-22 21:47:18,429 [INFO] PluginManage:310 - Check plugin ddr
2025-03-22 21:47:18,432 [INFO] PluginManage:359 - Loaded plugin ddr (category:tool,tabindex:6)
2025-03-22 21:47:18,433 [INFO] PluginManage:310 - Check plugin filemanager
2025-03-22 21:47:18,703 [INFO] PluginManage:359 - Loaded plugin filemanager (category:base,tabindex:10)
2025-03-22 21:47:18,703 [INFO] PluginManage:310 - Check plugin ipmanager
2025-03-22 21:47:18,720 [INFO] PluginManage:359 - Loaded plugin ipmanager (category:base,tabindex:5)
2025-03-22 21:47:18,721 [INFO] PluginManage:310 - Check plugin lpbam
2025-03-22 21:47:19,055 [INFO] PluginManage:359 - Loaded plugin lpbam (category:base,tabindex:0)
2025-03-22 21:47:19,055 [INFO] PluginManage:310 - Check plugin memorymap
2025-03-22 21:47:19,324 [INFO] PluginManage:359 - Loaded plugin memorymap (category:base,tabindex:4)
2025-03-22 21:47:19,324 [INFO] PluginManage:310 - Check plugin pinoutandconfiguration
2025-03-22 21:47:19,348 [INFO] PluginManage:359 - Loaded plugin pinoutandconfiguration (category:base,tabindex:1)
2025-03-22 21:47:19,348 [INFO] PluginManage:310 - Check plugin pinoutconfig
2025-03-22 21:47:19,531 [WARN] SupportedApi:132 - Cannot load RTOS API schema: s4s-elt-must-match.1: The content of 'definitions' must match (annotation?, (simpleType | complexType)?, (unique | key | keyref)*)). A problem was found starting at: attribute.
2025-03-22 21:47:19,885 [INFO] PluginManage:359 - Loaded plugin pinoutconfig (category:base,tabindex:0)
2025-03-22 21:47:19,885 [INFO] PluginManage:310 - Check plugin power
2025-03-22 21:47:19,950 [INFO] PluginManage:359 - Loaded plugin power (category:power,tabindex:4)
2025-03-22 21:47:19,951 [INFO] PluginManage:310 - Check plugin projectmanager
2025-03-22 21:47:19,987 [INFO] PluginManage:359 - Loaded plugin projectmanager (category:projectmanager,tabindex:4)
2025-03-22 21:47:19,987 [INFO] PluginManage:310 - Check plugin rif
2025-03-22 21:47:20,010 [INFO] PluginManage:359 - Loaded plugin rif (category:base,tabindex:3)
2025-03-22 21:47:20,011 [INFO] PluginManage:310 - Check plugin thirdparty
2025-03-22 21:47:20,519 [WARN] IntegrityCheckThread:84 - waiting for thirdparty lock release [integrity check]
2025-03-22 21:47:20,519 [INFO] PluginManage:359 - Loaded plugin thirdparty (category:base,tabindex:-1)
2025-03-22 21:47:20,520 [INFO] IntegrityCheckThread:86 - entering critical section [integrity check]
2025-03-22 21:47:20,520 [INFO] PluginManage:310 - Check plugin tools
2025-03-22 21:47:20,521 [INFO] ThirdPartyUpdaterWithRetryManager:70 - Updater plugin not ready yet. [1/15]
2025-03-22 21:47:20,565 [INFO] PluginManage:359 - Loaded plugin tools (category:base,tabindex:7)
2025-03-22 21:47:20,566 [INFO] PluginManage:310 - Check plugin tutovideos
2025-03-22 21:47:21,067 [INFO] PluginManage:359 - Loaded plugin tutovideos (category:base,tabindex:-1)
2025-03-22 21:47:21,068 [INFO] PluginManage:310 - Check plugin updater
2025-03-22 21:47:21,105 [INFO] PluginManage:359 - Loaded plugin updater (category:base,tabindex:12)
2025-03-22 21:47:21,105 [INFO] PluginManage:310 - Check plugin userauth
2025-03-22 21:47:21,113 [INFO] UserAuth:118 - Init User Auth plugin
2025-03-22 21:47:21,115 [INFO] PluginManage:359 - Loaded plugin userauth (category:base,tabindex:14)
2025-03-22 21:47:21,116 [INFO] PluginManage:283 - PluginManage : Loaded plugins [18]
2025-03-22 21:47:21,683 [INFO] PinOutPanel:1589 - setPackage(No Configuration,No Configuration)
2025-03-22 21:47:22,048 [INFO] CADModel:165 - CPN selected for project level
2025-03-22 21:47:22,049 [INFO] CADModel:114 - Register for checkConnection events
2025-03-22 21:47:22,344 [INFO] IPUIPlugin:80 - create IPUIPlugin
2025-03-22 21:47:22,345 [INFO] PluginManager:220 - loadIPPluginJar : add adc
2025-03-22 21:47:22,492 [INFO] IPUIPlugin:80 - create IPUIPlugin
2025-03-22 21:47:22,493 [INFO] PluginManager:220 - loadIPPluginJar : add aes
2025-03-22 21:47:22,572 [INFO] IPUIPlugin:80 - create IPUIPlugin
2025-03-22 21:47:22,572 [INFO] PluginManager:220 - loadIPPluginJar : add can
2025-03-22 21:47:22,607 [INFO] IPUIPlugin:80 - create IPUIPlugin
2025-03-22 21:47:22,607 [INFO] PluginManager:220 - loadIPPluginJar : add comp
2025-03-22 21:47:22,648 [INFO] IPUIPlugin:80 - create IPUIPlugin
2025-03-22 21:47:22,649 [INFO] PluginManager:220 - loadIPPluginJar : add cryp
2025-03-22 21:47:22,669 [INFO] IPUIPlugin:80 - create IPUIPlugin
2025-03-22 21:47:22,669 [INFO] PluginManager:220 - loadIPPluginJar : add ddr_ctrl_phy
2025-03-22 21:47:22,712 [INFO] IPUIPlugin:80 - create IPUIPlugin
2025-03-22 21:47:22,712 [INFO] PluginManager:220 - loadIPPluginJar : add dfsdm
2025-03-22 21:47:22,828 [INFO] IPUIPlugin:80 - create IPUIPlugin
2025-03-22 21:47:22,829 [INFO] PluginManager:220 - loadIPPluginJar : add dma
2025-03-22 21:47:22,891 [INFO] IPUIPlugin:80 - create IPUIPlugin
2025-03-22 21:47:22,891 [INFO] PluginManager:220 - loadIPPluginJar : add dma3
2025-03-22 21:47:22,943 [INFO] IPUIPlugin:80 - create IPUIPlugin
2025-03-22 21:47:22,943 [INFO] PluginManager:220 - loadIPPluginJar : add extmemmanager
2025-03-22 21:47:22,971 [INFO] IPUIPlugin:80 - create IPUIPlugin
2025-03-22 21:47:22,972 [INFO] PluginManager:220 - loadIPPluginJar : add fatfs
2025-03-22 21:47:23,031 [INFO] IPUIPlugin:80 - create IPUIPlugin
2025-03-22 21:47:23,032 [INFO] PluginManager:220 - loadIPPluginJar : add fmc
2025-03-22 21:47:23,061 [INFO] IPUIPlugin:80 - create IPUIPlugin
2025-03-22 21:47:23,063 [INFO] PluginManager:220 - loadIPPluginJar : add freertos
2025-03-22 21:47:23,096 [INFO] IPUIPlugin:80 - create IPUIPlugin
2025-03-22 21:47:23,096 [INFO] PluginManager:220 - loadIPPluginJar : add genericplugin
2025-03-22 21:47:23,223 [INFO] IPUIPlugin:80 - create IPUIPlugin
2025-03-22 21:47:23,223 [INFO] PluginManager:220 - loadIPPluginJar : add gfxmmu
2025-03-22 21:47:23,412 [INFO] IPUIPlugin:80 - create IPUIPlugin
2025-03-22 21:47:23,413 [INFO] PluginManager:220 - loadIPPluginJar : add gic
2025-03-22 21:47:23,523 [INFO] ThirdPartyUpdaterWithRetryManager:70 - Updater plugin not ready yet. [2/15]
2025-03-22 21:47:23,745 [INFO] IPUIPlugin:80 - create IPUIPlugin
2025-03-22 21:47:23,746 [INFO] PluginManager:220 - loadIPPluginJar : add gpio
2025-03-22 21:47:23,856 [INFO] IPUIPlugin:80 - create IPUIPlugin
2025-03-22 21:47:23,856 [INFO] PluginManager:220 - loadIPPluginJar : add gtzc
2025-03-22 21:47:23,905 [INFO] IPUIPlugin:80 - create IPUIPlugin
2025-03-22 21:47:23,906 [INFO] PluginManager:220 - loadIPPluginJar : add hash
2025-03-22 21:47:23,977 [INFO] IPUIPlugin:80 - create IPUIPlugin
2025-03-22 21:47:23,977 [INFO] PluginManager:220 - loadIPPluginJar : add i2c
2025-03-22 21:47:24,028 [INFO] IPUIPlugin:80 - create IPUIPlugin
2025-03-22 21:47:24,029 [INFO] PluginManager:220 - loadIPPluginJar : add i2s
2025-03-22 21:47:24,080 [INFO] IPUIPlugin:80 - create IPUIPlugin
2025-03-22 21:47:24,080 [INFO] PluginManager:220 - loadIPPluginJar : add i3c
2025-03-22 21:47:24,179 [INFO] IPUIPlugin:80 - create IPUIPlugin
2025-03-22 21:47:24,180 [INFO] PluginManager:220 - loadIPPluginJar : add ipddr
2025-03-22 21:47:24,304 [INFO] IPUIPlugin:80 - create IPUIPlugin
2025-03-22 21:47:24,305 [INFO] PluginManager:220 - loadIPPluginJar : add linkedlist
2025-03-22 21:47:24,356 [INFO] IPUIPlugin:80 - create IPUIPlugin
2025-03-22 21:47:24,357 [INFO] PluginManager:220 - loadIPPluginJar : add lorawan
2025-03-22 21:47:24,402 [INFO] IPUIPlugin:80 - create IPUIPlugin
2025-03-22 21:47:24,403 [INFO] PluginManager:220 - loadIPPluginJar : add ltdc
2025-03-22 21:47:24,761 [INFO] IPUIPlugin:80 - create IPUIPlugin
2025-03-22 21:47:24,761 [INFO] PluginManager:220 - loadIPPluginJar : add mdma
2025-03-22 21:47:25,769 [INFO] IPUIPlugin:80 - create IPUIPlugin
2025-03-22 21:47:25,770 [INFO] PluginManager:220 - loadIPPluginJar : add nvic
2025-03-22 21:47:25,933 [INFO] IPUIPlugin:80 - create IPUIPlugin
2025-03-22 21:47:25,933 [INFO] PluginManager:220 - loadIPPluginJar : add opamp
2025-03-22 21:47:26,099 [INFO] IPUIPlugin:80 - create IPUIPlugin
2025-03-22 21:47:26,099 [INFO] PluginManager:220 - loadIPPluginJar : add openamp
2025-03-22 21:47:26,209 [INFO] IPUIPlugin:80 - create IPUIPlugin
2025-03-22 21:47:26,210 [INFO] PluginManager:220 - loadIPPluginJar : add pdm2pcm
2025-03-22 21:47:26,526 [INFO] ThirdPartyUpdaterWithRetryManager:70 - Updater plugin not ready yet. [3/15]
2025-03-22 21:47:26,550 [INFO] IPUIPlugin:80 - create IPUIPlugin
2025-03-22 21:47:26,557 [INFO] PluginManager:220 - loadIPPluginJar : add plateformsettings
2025-03-22 21:47:26,587 [INFO] IPUIPlugin:80 - create IPUIPlugin
2025-03-22 21:47:26,587 [INFO] PluginManager:220 - loadIPPluginJar : add quadspi
2025-03-22 21:47:26,624 [INFO] IPUIPlugin:80 - create IPUIPlugin
2025-03-22 21:47:26,626 [INFO] PluginManager:220 - loadIPPluginJar : add radio
2025-03-22 21:47:26,646 [INFO] IPUIPlugin:80 - create IPUIPlugin
2025-03-22 21:47:26,646 [INFO] PluginManager:220 - loadIPPluginJar : add resmgrutility
2025-03-22 21:47:26,700 [INFO] IPUIPlugin:80 - create IPUIPlugin
2025-03-22 21:47:26,700 [INFO] PluginManager:220 - loadIPPluginJar : add sai
2025-03-22 21:47:26,750 [INFO] IPUIPlugin:80 - create IPUIPlugin
2025-03-22 21:47:26,751 [INFO] PluginManager:220 - loadIPPluginJar : add spi
2025-03-22 21:47:26,830 [INFO] IPUIPlugin:80 - create IPUIPlugin
2025-03-22 21:47:26,831 [INFO] PluginManager:220 - loadIPPluginJar : add stm32_wpan
2025-03-22 21:47:26,861 [INFO] IPUIPlugin:80 - create IPUIPlugin
2025-03-22 21:47:26,861 [INFO] PluginManager:220 - loadIPPluginJar : add tim
2025-03-22 21:47:26,932 [INFO] IPUIPlugin:80 - create IPUIPlugin
2025-03-22 21:47:26,933 [INFO] PluginManager:220 - loadIPPluginJar : add touchsensing
2025-03-22 21:47:26,966 [INFO] IPUIPlugin:80 - create IPUIPlugin
2025-03-22 21:47:26,966 [INFO] PluginManager:220 - loadIPPluginJar : add tracer_emb
2025-03-22 21:47:26,998 [INFO] IPUIPlugin:80 - create IPUIPlugin
2025-03-22 21:47:26,998 [INFO] PluginManager:220 - loadIPPluginJar : add ts
2025-03-22 21:47:27,027 [INFO] IPUIPlugin:80 - create IPUIPlugin
2025-03-22 21:47:27,027 [INFO] PluginManager:220 - loadIPPluginJar : add tsc
2025-03-22 21:47:27,056 [INFO] IPUIPlugin:80 - create IPUIPlugin
2025-03-22 21:47:27,057 [INFO] PluginManager:220 - loadIPPluginJar : add ucpd
2025-03-22 21:47:27,108 [INFO] IPUIPlugin:80 - create IPUIPlugin
2025-03-22 21:47:27,109 [INFO] PluginManager:220 - loadIPPluginJar : add usart
2025-03-22 21:47:27,161 [INFO] IPUIPlugin:80 - create IPUIPlugin
2025-03-22 21:47:27,161 [INFO] PluginManager:220 - loadIPPluginJar : add usbx
2025-03-22 21:47:27,408 [FATAL] Updater:351 - Updater called before beeing initialized
2025-03-22 21:47:27,479 [INFO] RulesReader:64 - Compatibility file has been processed (297 Rules)
2025-03-22 21:47:27,516 [INFO] RulesReader:64 - Compatibility file has been processed (297 Rules)
2025-03-22 21:47:27,542 [INFO] CADModel:165 - CPN selected for project level
2025-03-22 21:47:27,542 [INFO] CADModel:114 - Register for checkConnection events
2025-03-22 21:47:27,542 [FATAL] Updater:351 - Updater called before beeing initialized
2025-03-22 21:47:27,543 [ERROR] CADModel:125 - Updater not yet initialized, retry later 
2025-03-22 21:47:28,018 [FATAL] Updater:351 - Updater called before beeing initialized
2025-03-22 21:47:28,025 [INFO] CADModel:165 - CPN selected for project level
2025-03-22 21:47:28,026 [INFO] CADModel:114 - Register for checkConnection events
2025-03-22 21:47:28,026 [FATAL] Updater:351 - Updater called before beeing initialized
2025-03-22 21:47:28,027 [ERROR] CADModel:125 - Updater not yet initialized, retry later 
2025-03-22 21:47:28,035 [FATAL] Updater:351 - Updater called before beeing initialized
2025-03-22 21:47:28,425 [FATAL] Updater:351 - Updater called before beeing initialized
2025-03-22 21:47:28,447 [INFO] DbMcusAds:53 - JSON generation date=Thu Mar 06 21:54:21 ICT 2025 (1741272861825)
2025-03-22 21:47:28,447 [FATAL] Updater:351 - Updater called before beeing initialized
2025-03-22 21:47:28,777 [WARN] DetailPanel:346 - Failed to get advertising image, set to default
2025-03-22 21:47:29,528 [INFO] ThirdPartyUpdaterWithRetryManager:70 - Updater plugin not ready yet. [4/15]
2025-03-22 21:47:30,213 [FATAL] Updater:351 - Updater called before beeing initialized
2025-03-22 21:47:30,221 [FATAL] Updater:351 - Updater called before beeing initialized
2025-03-22 21:47:30,222 [FATAL] Updater:351 - Updater called before beeing initialized
2025-03-22 21:47:30,223 [WARN] DetailPanel:346 - Failed to get advertising image, set to default
2025-03-22 21:47:30,228 [FATAL] Updater:351 - Updater called before beeing initialized
2025-03-22 21:47:30,819 [ERROR] Updater:1198 - MainUpdater not yet initialized. External WinMGr cannot be set.
2025-03-22 21:47:30,838 [INFO] Updater:1134 - Updater Version found : 6.13.0
2025-03-22 21:47:30,898 [INFO] ApplicationProperties:184 - Using Application install path: C:\ST\STM32CubeIDE_1.17.0\STM32CubeIDE\plugins\com.st.stm32cube.common.mx_6.13.0.202411220809
2025-03-22 21:47:32,530 [FATAL] Updater:351 - Updater called before beeing initialized
2025-03-22 21:47:32,531 [ERROR] IntegrityCheckThread:130 - Cannot retrieve database content from updater: error 21
2025-03-22 21:47:32,531 [INFO] ThirdParty:978 - Integrity check success = false
2025-03-22 21:47:32,531 [INFO] IntegrityCheckThread:100 - exiting critical section [integrity check]
2025-03-22 21:47:32,531 [INFO] IntegrityCheckThread:103 - End integrity checks thread
2025-03-22 21:47:32,536 [ERROR] LogOutputStream:75 - [STDERR_REDIRECT] Mar 22, 2025 9:47:32 PM java.util.prefs.WindowsPreferences <init>
2025-03-22 21:47:32,542 [ERROR] LogOutputStream:75 - [STDERR_REDIRECT] WARNING: Could not open/create prefs root node Software\JavaSoft\Prefs at root 0xffffffff80000002. Windows RegCreateKeyEx(...) returned error code 5.
2025-03-22 21:47:32,542 [ERROR] LogOutputStream:75 - [STDERR_REDIRECT] 
2025-03-22 21:47:34,321 [INFO] MainUpdater:2872 - connection check result : 10
2025-03-22 21:47:34,322 [INFO] MainUpdater:3566 - Updater definition file requires update
2025-03-22 21:47:34,325 [INFO] MainUpdater:289 - Updater Check For Update Now.
2025-03-22 21:47:34,326 [INFO] MicroXplorer:498 - Change Database Version : DB.6.0.130
2025-03-22 21:47:34,387 [INFO] McuFinderGlobals:63 - Set McuFinder mode to 2 (CubeIDE integrated)
2025-03-22 21:47:34,435 [INFO] UserAuth:486 - Internet connection configuration mode: 1
2025-03-22 21:47:34,504 [INFO] JxBrowserEngine:152 - Initiate JxBrowser Engine with user profile folder
2025-03-22 21:47:35,314 [INFO] ServerAccessManage:473 - Download File updaters.zip
2025-03-22 21:47:36,120 [INFO] FileExtend:240 - Unzip File : updaters.zip
2025-03-22 21:47:36,120 [INFO] FileExtend:255 - Standard Zip Deflate
2025-03-22 21:47:37,424 [INFO] ServerAccessManage:473 - Download File PacksControlFlags.xml
2025-03-22 21:47:37,824 [INFO] ServerAccessManage:473 - Download File cubemx.pidx
2025-03-22 21:47:39,068 [INFO] WebApp:168 - Instantiating new browser for Auth
2025-03-22 21:47:39,729 [INFO] ServerAccessManage:473 - Download File STMicroelectronics.FP-SNS-FLIGHT1.pdsc
2025-03-22 21:47:41,593 [INFO] WebApp:449 - Apply proxy settings
2025-03-22 21:47:41,594 [INFO] WebApp:534 - Chromium requires no authentication
2025-03-22 21:47:41,618 [INFO] WebApp:477 - Direct internet connection detected
2025-03-22 21:47:41,682 [INFO] WebApp:880 - Register for checkConnection events
2025-03-22 21:47:41,682 [INFO] WebApp:449 - Apply proxy settings
2025-03-22 21:47:41,683 [INFO] WebApp:534 - Chromium requires no authentication
2025-03-22 21:47:41,685 [INFO] WebApp:477 - Direct internet connection detected
2025-03-22 21:47:42,265 [INFO] WebApp:221 - Starting web application
2025-03-22 21:47:42,265 [INFO] WebApp:579 - Web application path used C:\ST\STM32CubeIDE_1.17.0\STM32CubeIDE\plugins\com.st.stm32cube.common.mx_6.13.0.202411220809\db\plugins\mcufinder\reactClient1\index.html
2025-03-22 21:47:43,027 [INFO] WebApp:187 - Connection restablished
2025-03-22 21:47:43,153 [INFO] UserAuth:486 - Internet connection configuration mode: 1
2025-03-22 21:47:45,759 [INFO] ServerAccessManage:473 - Download File STMicroelectronics.X-CUBE-AZRTOS-H7RS.pdsc
2025-03-22 21:47:48,881 [WARN] PackLoader:240 - Cannot read IP mode file for STMicroelectronics.FP-SNS-FLIGHT1.5.1.0
2025-03-22 21:47:49,017 [WARN] PackLoader:240 - Cannot read IP mode file for STMicroelectronics.X-CUBE-AZRTOS-H7RS.1.1.0
2025-03-22 21:47:49,039 [INFO] PopulateThirdPartyThread:66 - Ending populate Thread
2025-03-22 21:47:49,043 [INFO] ThirdParty:1030 - CMSIS Pack Vendor :STMicroelectronics FP-SNS-FLIGHT1 5.1.0
2025-03-22 21:47:49,044 [INFO] ThirdParty:1030 - CMSIS Pack Vendor :STMicroelectronics X-CUBE-AZRTOS-H7RS 1.1.0
2025-03-22 21:47:49,045 [INFO] LoadServerUpdatesThread:375 - End of LoadServerUpdate Thread
2025-03-22 21:47:49,220 [INFO] CheckServerUpdateThread:120 - End of CheckServer Thread
2025-03-22 22:27:35,244 [INFO] WebApp:190 - Connection lost
2025-03-22 22:27:40,333 [INFO] WebApp:187 - Connection restablished
2025-03-22 22:27:42,793 [INFO] WebApp:190 - Connection lost
2025-03-22 22:27:43,052 [INFO] WebApp:187 - Connection restablished
2025-03-22 22:27:46,281 [INFO] WebApp:190 - Connection lost
2025-03-22 22:27:46,682 [INFO] WebApp:187 - Connection restablished
2025-03-22 22:41:34,585 [INFO] WebApp:190 - Connection lost
2025-03-22 22:41:35,105 [INFO] WebApp:187 - Connection restablished
2025-03-22 22:41:37,401 [INFO] WebApp:190 - Connection lost
2025-03-22 22:41:37,924 [INFO] WebApp:187 - Connection restablished
